  stdafx.cpp
  zadaniezosoba.cpp
e:\programowanie\opengl\zajecia4\osoba\zadaniezosoba\zadaniezosoba\colors.h(20): warning C4838: conversion from 'double' to 'const GLfloat' requires a narrowing conversion
e:\programowanie\opengl\zajecia4\osoba\zadaniezosoba\zadaniezosoba\colors.h(20): warning C4305: 'initializing': truncation from 'double' to 'const GLfloat'
e:\programowanie\opengl\zajecia4\osoba\zadaniezosoba\zadaniezosoba\colors.h(25): warning C4838: conversion from 'double' to 'const GLfloat' requires a narrowing conversion
e:\programowanie\opengl\zajecia4\osoba\zadaniezosoba\zadaniezosoba\colors.h(25): warning C4305: 'initializing': truncation from 'double' to 'const GLfloat'
e:\programowanie\opengl\zajecia4\osoba\zadaniezosoba\zadaniezosoba\colors.h(35): warning C4838: conversion from 'double' to 'const GLfloat' requires a narrowing conversion
e:\programowanie\opengl\zajecia4\osoba\zadaniezosoba\zadaniezosoba\colors.h(35): warning C4305: 'initializing': truncation from 'double' to 'const GLfloat'
e:\programowanie\opengl\zajecia4\osoba\zadaniezosoba\zadaniezosoba\colors.h(42): warning C4838: conversion from 'double' to 'const GLfloat' requires a narrowing conversion
e:\programowanie\opengl\zajecia4\osoba\zadaniezosoba\zadaniezosoba\colors.h(42): warning C4305: 'initializing': truncation from 'double' to 'const GLfloat'
e:\programowanie\opengl\zajecia4\osoba\zadaniezosoba\zadaniezosoba\colors.h(49): warning C4838: conversion from 'double' to 'const GLfloat' requires a narrowing conversion
e:\programowanie\opengl\zajecia4\osoba\zadaniezosoba\zadaniezosoba\colors.h(49): warning C4305: 'initializing': truncation from 'double' to 'const GLfloat'
e:\programowanie\opengl\zajecia4\osoba\zadaniezosoba\zadaniezosoba\colors.h(54): warning C4838: conversion from 'double' to 'const GLfloat' requires a narrowing conversion
e:\programowanie\opengl\zajecia4\osoba\zadaniezosoba\zadaniezosoba\colors.h(54): warning C4305: 'initializing': truncation from 'double' to 'const GLfloat'
e:\programowanie\opengl\zajecia4\osoba\zadaniezosoba\zadaniezosoba\colors.h(66): warning C4838: conversion from 'double' to 'const GLfloat' requires a narrowing conversion
e:\programowanie\opengl\zajecia4\osoba\zadaniezosoba\zadaniezosoba\colors.h(66): warning C4305: 'initializing': truncation from 'double' to 'const GLfloat'
e:\programowanie\opengl\zajecia4\osoba\zadaniezosoba\zadaniezosoba\colors.h(80): warning C4838: conversion from 'double' to 'const GLfloat' requires a narrowing conversion
e:\programowanie\opengl\zajecia4\osoba\zadaniezosoba\zadaniezosoba\colors.h(80): warning C4305: 'initializing': truncation from 'double' to 'const GLfloat'
e:\programowanie\opengl\zajecia4\osoba\zadaniezosoba\zadaniezosoba\colors.h(87): warning C4838: conversion from 'double' to 'const GLfloat' requires a narrowing conversion
e:\programowanie\opengl\zajecia4\osoba\zadaniezosoba\zadaniezosoba\colors.h(87): warning C4305: 'initializing': truncation from 'double' to 'const GLfloat'
e:\programowanie\opengl\zajecia4\osoba\zadaniezosoba\zadaniezosoba\colors.h(92): warning C4838: conversion from 'double' to 'const GLfloat' requires a narrowing conversion
e:\programowanie\opengl\zajecia4\osoba\zadaniezosoba\zadaniezosoba\colors.h(92): warning C4305: 'initializing': truncation from 'double' to 'const GLfloat'
e:\programowanie\opengl\zajecia4\osoba\zadaniezosoba\zadaniezosoba\colors.h(97): warning C4838: conversion from 'double' to 'const GLfloat' requires a narrowing conversion
e:\programowanie\opengl\zajecia4\osoba\zadaniezosoba\zadaniezosoba\colors.h(97): warning C4305: 'initializing': truncation from 'double' to 'const GLfloat'
e:\programowanie\opengl\zajecia4\osoba\zadaniezosoba\zadaniezosoba\colors.h(102): warning C4838: conversion from 'double' to 'const GLfloat' requires a narrowing conversion
e:\programowanie\opengl\zajecia4\osoba\zadaniezosoba\zadaniezosoba\colors.h(102): warning C4305: 'initializing': truncation from 'double' to 'const GLfloat'
e:\programowanie\opengl\zajecia4\osoba\zadaniezosoba\zadaniezosoba\colors.h(109): warning C4838: conversion from 'double' to 'const GLfloat' requires a narrowing conversion
e:\programowanie\opengl\zajecia4\osoba\zadaniezosoba\zadaniezosoba\colors.h(109): warning C4305: 'initializing': truncation from 'double' to 'const GLfloat'
e:\programowanie\opengl\zajecia4\osoba\zadaniezosoba\zadaniezosoba\colors.h(116): warning C4838: conversion from 'double' to 'const GLfloat' requires a narrowing conversion
e:\programowanie\opengl\zajecia4\osoba\zadaniezosoba\zadaniezosoba\colors.h(116): warning C4305: 'initializing': truncation from 'double' to 'const GLfloat'
e:\programowanie\opengl\zajecia4\osoba\zadaniezosoba\zadaniezosoba\colors.h(121): warning C4838: conversion from 'double' to 'const GLfloat' requires a narrowing conversion
e:\programowanie\opengl\zajecia4\osoba\zadaniezosoba\zadaniezosoba\colors.h(121): warning C4305: 'initializing': truncation from 'double' to 'const GLfloat'
e:\programowanie\opengl\zajecia4\osoba\zadaniezosoba\zadaniezosoba\colors.h(126): warning C4838: conversion from 'double' to 'const GLfloat' requires a narrowing conversion
e:\programowanie\opengl\zajecia4\osoba\zadaniezosoba\zadaniezosoba\colors.h(126): warning C4305: 'initializing': truncation from 'double' to 'const GLfloat'
e:\programowanie\opengl\zajecia4\osoba\zadaniezosoba\zadaniezosoba\colors.h(133): warning C4838: conversion from 'double' to 'const GLfloat' requires a narrowing conversion
e:\programowanie\opengl\zajecia4\osoba\zadaniezosoba\zadaniezosoba\colors.h(133): warning C4305: 'initializing': truncation from 'double' to 'const GLfloat'
e:\programowanie\opengl\zajecia4\osoba\zadaniezosoba\zadaniezosoba\colors.h(147): warning C4838: conversion from 'double' to 'const GLfloat' requires a narrowing conversion
e:\programowanie\opengl\zajecia4\osoba\zadaniezosoba\zadaniezosoba\colors.h(147): warning C4305: 'initializing': truncation from 'double' to 'const GLfloat'
e:\programowanie\opengl\zajecia4\osoba\zadaniezosoba\zadaniezosoba\colors.h(154): warning C4838: conversion from 'double' to 'const GLfloat' requires a narrowing conversion
e:\programowanie\opengl\zajecia4\osoba\zadaniezosoba\zadaniezosoba\colors.h(154): warning C4305: 'initializing': truncation from 'double' to 'const GLfloat'
e:\programowanie\opengl\zajecia4\osoba\zadaniezosoba\zadaniezosoba\colors.h(159): warning C4838: conversion from 'double' to 'const GLfloat' requires a narrowing conversion
e:\programowanie\opengl\zajecia4\osoba\zadaniezosoba\zadaniezosoba\colors.h(159): warning C4305: 'initializing': truncation from 'double' to 'const GLfloat'
e:\programowanie\opengl\zajecia4\osoba\zadaniezosoba\zadaniezosoba\colors.h(166): warning C4838: conversion from 'double' to 'const GLfloat' requires a narrowing conversion
e:\programowanie\opengl\zajecia4\osoba\zadaniezosoba\zadaniezosoba\colors.h(166): warning C4305: 'initializing': truncation from 'double' to 'const GLfloat'
e:\programowanie\opengl\zajecia4\osoba\zadaniezosoba\zadaniezosoba\colors.h(173): warning C4838: conversion from 'double' to 'const GLfloat' requires a narrowing conversion
e:\programowanie\opengl\zajecia4\osoba\zadaniezosoba\zadaniezosoba\colors.h(173): warning C4305: 'initializing': truncation from 'double' to 'const GLfloat'
e:\programowanie\opengl\zajecia4\osoba\zadaniezosoba\zadaniezosoba\colors.h(180): warning C4838: conversion from 'double' to 'const GLfloat' requires a narrowing conversion
e:\programowanie\opengl\zajecia4\osoba\zadaniezosoba\zadaniezosoba\colors.h(180): warning C4305: 'initializing': truncation from 'double' to 'const GLfloat'
e:\programowanie\opengl\zajecia4\osoba\zadaniezosoba\zadaniezosoba\colors.h(187): warning C4838: conversion from 'double' to 'const GLfloat' requires a narrowing conversion
e:\programowanie\opengl\zajecia4\osoba\zadaniezosoba\zadaniezosoba\colors.h(187): warning C4305: 'initializing': truncation from 'double' to 'const GLfloat'
e:\programowanie\opengl\zajecia4\osoba\zadaniezosoba\zadaniezosoba\colors.h(192): warning C4838: conversion from 'double' to 'const GLfloat' requires a narrowing conversion
e:\programowanie\opengl\zajecia4\osoba\zadaniezosoba\zadaniezosoba\colors.h(192): warning C4305: 'initializing': truncation from 'double' to 'const GLfloat'
e:\programowanie\opengl\zajecia4\osoba\zadaniezosoba\zadaniezosoba\colors.h(199): warning C4838: conversion from 'double' to 'const GLfloat' requires a narrowing conversion
e:\programowanie\opengl\zajecia4\osoba\zadaniezosoba\zadaniezosoba\colors.h(199): warning C4305: 'initializing': truncation from 'double' to 'const GLfloat'
e:\programowanie\opengl\zajecia4\osoba\zadaniezosoba\zadaniezosoba\colors.h(204): warning C4838: conversion from 'double' to 'const GLfloat' requires a narrowing conversion
e:\programowanie\opengl\zajecia4\osoba\zadaniezosoba\zadaniezosoba\colors.h(204): warning C4305: 'initializing': truncation from 'double' to 'const GLfloat'
e:\programowanie\opengl\zajecia4\osoba\zadaniezosoba\zadaniezosoba\colors.h(211): warning C4838: conversion from 'double' to 'const GLfloat' requires a narrowing conversion
e:\programowanie\opengl\zajecia4\osoba\zadaniezosoba\zadaniezosoba\colors.h(211): warning C4305: 'initializing': truncation from 'double' to 'const GLfloat'
e:\programowanie\opengl\zajecia4\osoba\zadaniezosoba\zadaniezosoba\colors.h(216): warning C4838: conversion from 'double' to 'const GLfloat' requires a narrowing conversion
e:\programowanie\opengl\zajecia4\osoba\zadaniezosoba\zadaniezosoba\colors.h(216): warning C4305: 'initializing': truncation from 'double' to 'const GLfloat'
e:\programowanie\opengl\zajecia4\osoba\zadaniezosoba\zadaniezosoba\colors.h(221): warning C4838: conversion from 'double' to 'const GLfloat' requires a narrowing conversion
e:\programowanie\opengl\zajecia4\osoba\zadaniezosoba\zadaniezosoba\colors.h(221): warning C4305: 'initializing': truncation from 'double' to 'const GLfloat'
e:\programowanie\opengl\zajecia4\osoba\zadaniezosoba\zadaniezosoba\colors.h(226): warning C4838: conversion from 'double' to 'const GLfloat' requires a narrowing conversion
e:\programowanie\opengl\zajecia4\osoba\zadaniezosoba\zadaniezosoba\colors.h(226): warning C4305: 'initializing': truncation from 'double' to 'const GLfloat'
e:\programowanie\opengl\zajecia4\osoba\zadaniezosoba\zadaniezosoba\colors.h(231): warning C4838: conversion from 'double' to 'const GLfloat' requires a narrowing conversion
e:\programowanie\opengl\zajecia4\osoba\zadaniezosoba\zadaniezosoba\colors.h(231): warning C4305: 'initializing': truncation from 'double' to 'const GLfloat'
e:\programowanie\opengl\zajecia4\osoba\zadaniezosoba\zadaniezosoba\colors.h(236): warning C4838: conversion from 'double' to 'const GLfloat' requires a narrowing conversion
e:\programowanie\opengl\zajecia4\osoba\zadaniezosoba\zadaniezosoba\colors.h(236): warning C4305: 'initializing': truncation from 'double' to 'const GLfloat'
e:\programowanie\opengl\zajecia4\osoba\zadaniezosoba\zadaniezosoba\colors.h(243): warning C4838: conversion from 'double' to 'const GLfloat' requires a narrowing conversion
e:\programowanie\opengl\zajecia4\osoba\zadaniezosoba\zadaniezosoba\colors.h(243): warning C4305: 'initializing': truncation from 'double' to 'const GLfloat'
e:\programowanie\opengl\zajecia4\osoba\zadaniezosoba\zadaniezosoba\colors.h(248): warning C4838: conversion from 'double' to 'const GLfloat' requires a narrowing conversion
e:\programowanie\opengl\zajecia4\osoba\zadaniezosoba\zadaniezosoba\colors.h(248): warning C4305: 'initializing': truncation from 'double' to 'const GLfloat'
e:\programowanie\opengl\zajecia4\osoba\zadaniezosoba\zadaniezosoba\colors.h(253): warning C4838: conversion from 'double' to 'const GLfloat' requires a narrowing conversion
e:\programowanie\opengl\zajecia4\osoba\zadaniezosoba\zadaniezosoba\colors.h(253): warning C4305: 'initializing': truncation from 'double' to 'const GLfloat'
e:\programowanie\opengl\zajecia4\osoba\zadaniezosoba\zadaniezosoba\colors.h(258): warning C4838: conversion from 'double' to 'const GLfloat' requires a narrowing conversion
e:\programowanie\opengl\zajecia4\osoba\zadaniezosoba\zadaniezosoba\colors.h(258): warning C4305: 'initializing': truncation from 'double' to 'const GLfloat'
e:\programowanie\opengl\zajecia4\osoba\zadaniezosoba\zadaniezosoba\colors.h(263): warning C4838: conversion from 'double' to 'const GLfloat' requires a narrowing conversion
e:\programowanie\opengl\zajecia4\osoba\zadaniezosoba\zadaniezosoba\colors.h(263): warning C4305: 'initializing': truncation from 'double' to 'const GLfloat'
e:\programowanie\opengl\zajecia4\osoba\zadaniezosoba\zadaniezosoba\colors.h(268): warning C4838: conversion from 'double' to 'const GLfloat' requires a narrowing conversion
e:\programowanie\opengl\zajecia4\osoba\zadaniezosoba\zadaniezosoba\colors.h(268): warning C4305: 'initializing': truncation from 'double' to 'const GLfloat'
e:\programowanie\opengl\zajecia4\osoba\zadaniezosoba\zadaniezosoba\colors.h(273): warning C4838: conversion from 'double' to 'const GLfloat' requires a narrowing conversion
e:\programowanie\opengl\zajecia4\osoba\zadaniezosoba\zadaniezosoba\colors.h(273): warning C4305: 'initializing': truncation from 'double' to 'const GLfloat'
e:\programowanie\opengl\zajecia4\osoba\zadaniezosoba\zadaniezosoba\colors.h(278): warning C4838: conversion from 'double' to 'const GLfloat' requires a narrowing conversion
e:\programowanie\opengl\zajecia4\osoba\zadaniezosoba\zadaniezosoba\colors.h(278): warning C4305: 'initializing': truncation from 'double' to 'const GLfloat'
e:\programowanie\opengl\zajecia4\osoba\zadaniezosoba\zadaniezosoba\colors.h(290): warning C4838: conversion from 'double' to 'const GLfloat' requires a narrowing conversion
e:\programowanie\opengl\zajecia4\osoba\zadaniezosoba\zadaniezosoba\colors.h(290): warning C4305: 'initializing': truncation from 'double' to 'const GLfloat'
e:\programowanie\opengl\zajecia4\osoba\zadaniezosoba\zadaniezosoba\colors.h(295): warning C4838: conversion from 'double' to 'const GLfloat' requires a narrowing conversion
e:\programowanie\opengl\zajecia4\osoba\zadaniezosoba\zadaniezosoba\colors.h(295): warning C4305: 'initializing': truncation from 'double' to 'const GLfloat'
e:\programowanie\opengl\zajecia4\osoba\zadaniezosoba\zadaniezosoba\colors.h(302): warning C4838: conversion from 'double' to 'const GLfloat' requires a narrowing conversion
e:\programowanie\opengl\zajecia4\osoba\zadaniezosoba\zadaniezosoba\colors.h(302): warning C4305: 'initializing': truncation from 'double' to 'const GLfloat'
e:\programowanie\opengl\zajecia4\osoba\zadaniezosoba\zadaniezosoba\colors.h(307): warning C4838: conversion from 'double' to 'const GLfloat' requires a narrowing conversion
e:\programowanie\opengl\zajecia4\osoba\zadaniezosoba\zadaniezosoba\colors.h(307): warning C4305: 'initializing': truncation from 'double' to 'const GLfloat'
e:\programowanie\opengl\zajecia4\osoba\zadaniezosoba\zadaniezosoba\colors.h(314): warning C4838: conversion from 'double' to 'const GLfloat' requires a narrowing conversion
e:\programowanie\opengl\zajecia4\osoba\zadaniezosoba\zadaniezosoba\colors.h(314): warning C4305: 'initializing': truncation from 'double' to 'const GLfloat'
e:\programowanie\opengl\zajecia4\osoba\zadaniezosoba\zadaniezosoba\colors.h(321): warning C4838: conversion from 'double' to 'const GLfloat' requires a narrowing conversion
e:\programowanie\opengl\zajecia4\osoba\zadaniezosoba\zadaniezosoba\colors.h(321): warning C4305: 'initializing': truncation from 'double' to 'const GLfloat'
e:\programowanie\opengl\zajecia4\osoba\zadaniezosoba\zadaniezosoba\colors.h(328): warning C4838: conversion from 'double' to 'const GLfloat' requires a narrowing conversion
e:\programowanie\opengl\zajecia4\osoba\zadaniezosoba\zadaniezosoba\colors.h(328): warning C4305: 'initializing': truncation from 'double' to 'const GLfloat'
e:\programowanie\opengl\zajecia4\osoba\zadaniezosoba\zadaniezosoba\colors.h(335): warning C4838: conversion from 'double' to 'const GLfloat' requires a narrowing conversion
e:\programowanie\opengl\zajecia4\osoba\zadaniezosoba\zadaniezosoba\colors.h(335): warning C4305: 'initializing': truncation from 'double' to 'const GLfloat'
e:\programowanie\opengl\zajecia4\osoba\zadaniezosoba\zadaniezosoba\colors.h(342): warning C4838: conversion from 'double' to 'const GLfloat' requires a narrowing conversion
e:\programowanie\opengl\zajecia4\osoba\zadaniezosoba\zadaniezosoba\colors.h(342): warning C4305: 'initializing': truncation from 'double' to 'const GLfloat'
e:\programowanie\opengl\zajecia4\osoba\zadaniezosoba\zadaniezosoba\colors.h(347): warning C4838: conversion from 'double' to 'const GLfloat' requires a narrowing conversion
e:\programowanie\opengl\zajecia4\osoba\zadaniezosoba\zadaniezosoba\colors.h(347): warning C4305: 'initializing': truncation from 'double' to 'const GLfloat'
e:\programowanie\opengl\zajecia4\osoba\zadaniezosoba\zadaniezosoba\colors.h(354): warning C4838: conversion from 'double' to 'const GLfloat' requires a narrowing conversion
e:\programowanie\opengl\zajecia4\osoba\zadaniezosoba\zadaniezosoba\colors.h(354): warning C4305: 'initializing': truncation from 'double' to 'const GLfloat'
e:\programowanie\opengl\zajecia4\osoba\zadaniezosoba\zadaniezosoba\colors.h(361): warning C4838: conversion from 'double' to 'const GLfloat' requires a narrowing conversion
e:\programowanie\opengl\zajecia4\osoba\zadaniezosoba\zadaniezosoba\colors.h(361): warning C4305: 'initializing': truncation from 'double' to 'const GLfloat'
e:\programowanie\opengl\zajecia4\osoba\zadaniezosoba\zadaniezosoba\colors.h(368): warning C4838: conversion from 'double' to 'const GLfloat' requires a narrowing conversion
e:\programowanie\opengl\zajecia4\osoba\zadaniezosoba\zadaniezosoba\colors.h(368): warning C4305: 'initializing': truncation from 'double' to 'const GLfloat'
e:\programowanie\opengl\zajecia4\osoba\zadaniezosoba\zadaniezosoba\colors.h(375): warning C4838: conversion from 'double' to 'const GLfloat' requires a narrowing conversion
e:\programowanie\opengl\zajecia4\osoba\zadaniezosoba\zadaniezosoba\colors.h(375): warning C4305: 'initializing': truncation from 'double' to 'const GLfloat'
e:\programowanie\opengl\zajecia4\osoba\zadaniezosoba\zadaniezosoba\colors.h(380): warning C4838: conversion from 'double' to 'const GLfloat' requires a narrowing conversion
e:\programowanie\opengl\zajecia4\osoba\zadaniezosoba\zadaniezosoba\colors.h(380): warning C4305: 'initializing': truncation from 'double' to 'const GLfloat'
e:\programowanie\opengl\zajecia4\osoba\zadaniezosoba\zadaniezosoba\colors.h(385): warning C4838: conversion from 'double' to 'const GLfloat' requires a narrowing conversion
e:\programowanie\opengl\zajecia4\osoba\zadaniezosoba\zadaniezosoba\colors.h(385): warning C4305: 'initializing': truncation from 'double' to 'const GLfloat'
e:\programowanie\opengl\zajecia4\osoba\zadaniezosoba\zadaniezosoba\colors.h(390): warning C4838: conversion from 'double' to 'const GLfloat' requires a narrowing conversion
e:\programowanie\opengl\zajecia4\osoba\zadaniezosoba\zadaniezosoba\colors.h(390): warning C4305: 'initializing': truncation from 'double' to 'const GLfloat'
e:\programowanie\opengl\zajecia4\osoba\zadaniezosoba\zadaniezosoba\colors.h(395): warning C4838: conversion from 'double' to 'const GLfloat' requires a narrowing conversion
e:\programowanie\opengl\zajecia4\osoba\zadaniezosoba\zadaniezosoba\colors.h(395): warning C4305: 'initializing': truncation from 'double' to 'const GLfloat'
e:\programowanie\opengl\zajecia4\osoba\zadaniezosoba\zadaniezosoba\colors.h(400): warning C4838: conversion from 'double' to 'const GLfloat' requires a narrowing conversion
e:\programowanie\opengl\zajecia4\osoba\zadaniezosoba\zadaniezosoba\colors.h(400): warning C4305: 'initializing': truncation from 'double' to 'const GLfloat'
e:\programowanie\opengl\zajecia4\osoba\zadaniezosoba\zadaniezosoba\colors.h(405): warning C4838: conversion from 'double' to 'const GLfloat' requires a narrowing conversion
e:\programowanie\opengl\zajecia4\osoba\zadaniezosoba\zadaniezosoba\colors.h(405): warning C4305: 'initializing': truncation from 'double' to 'const GLfloat'
e:\programowanie\opengl\zajecia4\osoba\zadaniezosoba\zadaniezosoba\colors.h(410): warning C4838: conversion from 'double' to 'const GLfloat' requires a narrowing conversion
e:\programowanie\opengl\zajecia4\osoba\zadaniezosoba\zadaniezosoba\colors.h(410): warning C4305: 'initializing': truncation from 'double' to 'const GLfloat'
e:\programowanie\opengl\zajecia4\osoba\zadaniezosoba\zadaniezosoba\colors.h(415): warning C4838: conversion from 'double' to 'const GLfloat' requires a narrowing conversion
e:\programowanie\opengl\zajecia4\osoba\zadaniezosoba\zadaniezosoba\colors.h(415): warning C4305: 'initializing': truncation from 'double' to 'const GLfloat'
e:\programowanie\opengl\zajecia4\osoba\zadaniezosoba\zadaniezosoba\colors.h(420): warning C4838: conversion from 'double' to 'const GLfloat' requires a narrowing conversion
e:\programowanie\opengl\zajecia4\osoba\zadaniezosoba\zadaniezosoba\colors.h(420): warning C4305: 'initializing': truncation from 'double' to 'const GLfloat'
e:\programowanie\opengl\zajecia4\osoba\zadaniezosoba\zadaniezosoba\colors.h(425): warning C4838: conversion from 'double' to 'const GLfloat' requires a narrowing conversion
e:\programowanie\opengl\zajecia4\osoba\zadaniezosoba\zadaniezosoba\colors.h(425): warning C4305: 'initializing': truncation from 'double' to 'const GLfloat'
e:\programowanie\opengl\zajecia4\osoba\zadaniezosoba\zadaniezosoba\colors.h(430): warning C4838: conversion from 'double' to 'const GLfloat' requires a narrowing conversion
e:\programowanie\opengl\zajecia4\osoba\zadaniezosoba\zadaniezosoba\colors.h(430): warning C4305: 'initializing': truncation from 'double' to 'const GLfloat'
e:\programowanie\opengl\zajecia4\osoba\zadaniezosoba\zadaniezosoba\colors.h(435): warning C4838: conversion from 'double' to 'const GLfloat' requires a narrowing conversion
e:\programowanie\opengl\zajecia4\osoba\zadaniezosoba\zadaniezosoba\colors.h(435): warning C4305: 'initializing': truncation from 'double' to 'const GLfloat'
e:\programowanie\opengl\zajecia4\osoba\zadaniezosoba\zadaniezosoba\colors.h(440): warning C4838: conversion from 'double' to 'const GLfloat' requires a narrowing conversion
e:\programowanie\opengl\zajecia4\osoba\zadaniezosoba\zadaniezosoba\colors.h(440): warning C4305: 'initializing': truncation from 'double' to 'const GLfloat'
e:\programowanie\opengl\zajecia4\osoba\zadaniezosoba\zadaniezosoba\colors.h(445): warning C4838: conversion from 'double' to 'const GLfloat' requires a narrowing conversion
e:\programowanie\opengl\zajecia4\osoba\zadaniezosoba\zadaniezosoba\colors.h(445): warning C4305: 'initializing': truncation from 'double' to 'const GLfloat'
e:\programowanie\opengl\zajecia4\osoba\zadaniezosoba\zadaniezosoba\colors.h(450): warning C4838: conversion from 'double' to 'const GLfloat' requires a narrowing conversion
e:\programowanie\opengl\zajecia4\osoba\zadaniezosoba\zadaniezosoba\colors.h(450): warning C4305: 'initializing': truncation from 'double' to 'const GLfloat'
e:\programowanie\opengl\zajecia4\osoba\zadaniezosoba\zadaniezosoba\colors.h(455): warning C4838: conversion from 'double' to 'const GLfloat' requires a narrowing conversion
e:\programowanie\opengl\zajecia4\osoba\zadaniezosoba\zadaniezosoba\colors.h(455): warning C4305: 'initializing': truncation from 'double' to 'const GLfloat'
e:\programowanie\opengl\zajecia4\osoba\zadaniezosoba\zadaniezosoba\colors.h(469): warning C4838: conversion from 'double' to 'const GLfloat' requires a narrowing conversion
e:\programowanie\opengl\zajecia4\osoba\zadaniezosoba\zadaniezosoba\colors.h(469): warning C4305: 'initializing': truncation from 'double' to 'const GLfloat'
e:\programowanie\opengl\zajecia4\osoba\zadaniezosoba\zadaniezosoba\colors.h(476): warning C4838: conversion from 'double' to 'const GLfloat' requires a narrowing conversion
e:\programowanie\opengl\zajecia4\osoba\zadaniezosoba\zadaniezosoba\colors.h(476): warning C4305: 'initializing': truncation from 'double' to 'const GLfloat'
e:\programowanie\opengl\zajecia4\osoba\zadaniezosoba\zadaniezosoba\colors.h(490): warning C4838: conversion from 'double' to 'const GLfloat' requires a narrowing conversion
e:\programowanie\opengl\zajecia4\osoba\zadaniezosoba\zadaniezosoba\colors.h(490): warning C4305: 'initializing': truncation from 'double' to 'const GLfloat'
e:\programowanie\opengl\zajecia4\osoba\zadaniezosoba\zadaniezosoba\colors.h(495): warning C4838: conversion from 'double' to 'const GLfloat' requires a narrowing conversion
e:\programowanie\opengl\zajecia4\osoba\zadaniezosoba\zadaniezosoba\colors.h(495): warning C4305: 'initializing': truncation from 'double' to 'const GLfloat'
e:\programowanie\opengl\zajecia4\osoba\zadaniezosoba\zadaniezosoba\colors.h(500): warning C4838: conversion from 'double' to 'const GLfloat' requires a narrowing conversion
e:\programowanie\opengl\zajecia4\osoba\zadaniezosoba\zadaniezosoba\colors.h(500): warning C4305: 'initializing': truncation from 'double' to 'const GLfloat'
e:\programowanie\opengl\zajecia4\osoba\zadaniezosoba\zadaniezosoba\colors.h(505): warning C4838: conversion from 'double' to 'const GLfloat' requires a narrowing conversion
e:\programowanie\opengl\zajecia4\osoba\zadaniezosoba\zadaniezosoba\colors.h(505): warning C4305: 'initializing': truncation from 'double' to 'const GLfloat'
e:\programowanie\opengl\zajecia4\osoba\zadaniezosoba\zadaniezosoba\colors.h(510): warning C4838: conversion from 'double' to 'const GLfloat' requires a narrowing conversion
e:\programowanie\opengl\zajecia4\osoba\zadaniezosoba\zadaniezosoba\colors.h(510): warning C4305: 'initializing': truncation from 'double' to 'const GLfloat'
e:\programowanie\opengl\zajecia4\osoba\zadaniezosoba\zadaniezosoba\colors.h(515): warning C4838: conversion from 'double' to 'const GLfloat' requires a narrowing conversion
e:\programowanie\opengl\zajecia4\osoba\zadaniezosoba\zadaniezosoba\colors.h(515): warning C4305: 'initializing': truncation from 'double' to 'const GLfloat'
e:\programowanie\opengl\zajecia4\osoba\zadaniezosoba\zadaniezosoba\colors.h(520): warning C4838: conversion from 'double' to 'const GLfloat' requires a narrowing conversion
e:\programowanie\opengl\zajecia4\osoba\zadaniezosoba\zadaniezosoba\colors.h(520): warning C4305: 'initializing': truncation from 'double' to 'const GLfloat'
e:\programowanie\opengl\zajecia4\osoba\zadaniezosoba\zadaniezosoba\colors.h(525): warning C4838: conversion from 'double' to 'const GLfloat' requires a narrowing conversion
e:\programowanie\opengl\zajecia4\osoba\zadaniezosoba\zadaniezosoba\colors.h(525): warning C4305: 'initializing': truncation from 'double' to 'const GLfloat'
e:\programowanie\opengl\zajecia4\osoba\zadaniezosoba\zadaniezosoba\colors.h(530): warning C4838: conversion from 'double' to 'const GLfloat' requires a narrowing conversion
e:\programowanie\opengl\zajecia4\osoba\zadaniezosoba\zadaniezosoba\colors.h(530): warning C4305: 'initializing': truncation from 'double' to 'const GLfloat'
e:\programowanie\opengl\zajecia4\osoba\zadaniezosoba\zadaniezosoba\colors.h(535): warning C4838: conversion from 'double' to 'const GLfloat' requires a narrowing conversion
e:\programowanie\opengl\zajecia4\osoba\zadaniezosoba\zadaniezosoba\colors.h(535): warning C4305: 'initializing': truncation from 'double' to 'const GLfloat'
e:\programowanie\opengl\zajecia4\osoba\zadaniezosoba\zadaniezosoba\colors.h(540): warning C4838: conversion from 'double' to 'const GLfloat' requires a narrowing conversion
e:\programowanie\opengl\zajecia4\osoba\zadaniezosoba\zadaniezosoba\colors.h(540): warning C4305: 'initializing': truncation from 'double' to 'const GLfloat'
e:\programowanie\opengl\zajecia4\osoba\zadaniezosoba\zadaniezosoba\colors.h(545): warning C4838: conversion from 'double' to 'const GLfloat' requires a narrowing conversion
e:\programowanie\opengl\zajecia4\osoba\zadaniezosoba\zadaniezosoba\colors.h(545): warning C4305: 'initializing': truncation from 'double' to 'const GLfloat'
e:\programowanie\opengl\zajecia4\osoba\zadaniezosoba\zadaniezosoba\colors.h(550): warning C4838: conversion from 'double' to 'const GLfloat' requires a narrowing conversion
e:\programowanie\opengl\zajecia4\osoba\zadaniezosoba\zadaniezosoba\colors.h(550): warning C4305: 'initializing': truncation from 'double' to 'const GLfloat'
e:\programowanie\opengl\zajecia4\osoba\zadaniezosoba\zadaniezosoba\colors.h(555): warning C4838: conversion from 'double' to 'const GLfloat' requires a narrowing conversion
e:\programowanie\opengl\zajecia4\osoba\zadaniezosoba\zadaniezosoba\colors.h(555): warning C4305: 'initializing': truncation from 'double' to 'const GLfloat'
e:\programowanie\opengl\zajecia4\osoba\zadaniezosoba\zadaniezosoba\colors.h(560): warning C4838: conversion from 'double' to 'const GLfloat' requires a narrowing conversion
e:\programowanie\opengl\zajecia4\osoba\zadaniezosoba\zadaniezosoba\colors.h(560): warning C4305: 'initializing': truncation from 'double' to 'const GLfloat'
e:\programowanie\opengl\zajecia4\osoba\zadaniezosoba\zadaniezosoba\colors.h(567): warning C4838: conversion from 'double' to 'const GLfloat' requires a narrowing conversion
e:\programowanie\opengl\zajecia4\osoba\zadaniezosoba\zadaniezosoba\colors.h(567): warning C4305: 'initializing': truncation from 'double' to 'const GLfloat'
e:\programowanie\opengl\zajecia4\osoba\zadaniezosoba\zadaniezosoba\colors.h(572): warning C4838: conversion from 'double' to 'const GLfloat' requires a narrowing conversion
e:\programowanie\opengl\zajecia4\osoba\zadaniezosoba\zadaniezosoba\colors.h(572): warning C4305: 'initializing': truncation from 'double' to 'const GLfloat'
e:\programowanie\opengl\zajecia4\osoba\zadaniezosoba\zadaniezosoba\colors.h(579): warning C4838: conversion from 'double' to 'const GLfloat' requires a narrowing conversion
e:\programowanie\opengl\zajecia4\osoba\zadaniezosoba\zadaniezosoba\colors.h(579): warning C4305: 'initializing': truncation from 'double' to 'const GLfloat'
e:\programowanie\opengl\zajecia4\osoba\zadaniezosoba\zadaniezosoba\colors.h(587): warning C4838: conversion from 'double' to 'const GLfloat' requires a narrowing conversion
e:\programowanie\opengl\zajecia4\osoba\zadaniezosoba\zadaniezosoba\colors.h(587): warning C4305: 'initializing': truncation from 'double' to 'const GLfloat'
e:\programowanie\opengl\zajecia4\osoba\zadaniezosoba\zadaniezosoba\colors.h(594): warning C4838: conversion from 'double' to 'const GLfloat' requires a narrowing conversion
e:\programowanie\opengl\zajecia4\osoba\zadaniezosoba\zadaniezosoba\colors.h(594): warning C4305: 'initializing': truncation from 'double' to 'const GLfloat'
e:\programowanie\opengl\zajecia4\osoba\zadaniezosoba\zadaniezosoba\colors.h(601): warning C4838: conversion from 'double' to 'const GLfloat' requires a narrowing conversion
e:\programowanie\opengl\zajecia4\osoba\zadaniezosoba\zadaniezosoba\colors.h(601): warning C4305: 'initializing': truncation from 'double' to 'const GLfloat'
e:\programowanie\opengl\zajecia4\osoba\zadaniezosoba\zadaniezosoba\colors.h(606): warning C4838: conversion from 'double' to 'const GLfloat' requires a narrowing conversion
e:\programowanie\opengl\zajecia4\osoba\zadaniezosoba\zadaniezosoba\colors.h(606): warning C4305: 'initializing': truncation from 'double' to 'const GLfloat'
e:\programowanie\opengl\zajecia4\osoba\zadaniezosoba\zadaniezosoba\colors.h(611): warning C4838: conversion from 'double' to 'const GLfloat' requires a narrowing conversion
e:\programowanie\opengl\zajecia4\osoba\zadaniezosoba\zadaniezosoba\colors.h(611): warning C4305: 'initializing': truncation from 'double' to 'const GLfloat'
e:\programowanie\opengl\zajecia4\osoba\zadaniezosoba\zadaniezosoba\colors.h(618): warning C4838: conversion from 'double' to 'const GLfloat' requires a narrowing conversion
e:\programowanie\opengl\zajecia4\osoba\zadaniezosoba\zadaniezosoba\colors.h(618): warning C4305: 'initializing': truncation from 'double' to 'const GLfloat'
e:\programowanie\opengl\zajecia4\osoba\zadaniezosoba\zadaniezosoba\colors.h(625): warning C4838: conversion from 'double' to 'const GLfloat' requires a narrowing conversion
e:\programowanie\opengl\zajecia4\osoba\zadaniezosoba\zadaniezosoba\colors.h(625): warning C4305: 'initializing': truncation from 'double' to 'const GLfloat'
e:\programowanie\opengl\zajecia4\osoba\zadaniezosoba\zadaniezosoba\colors.h(630): warning C4838: conversion from 'double' to 'const GLfloat' requires a narrowing conversion
e:\programowanie\opengl\zajecia4\osoba\zadaniezosoba\zadaniezosoba\colors.h(630): warning C4305: 'initializing': truncation from 'double' to 'const GLfloat'
e:\programowanie\opengl\zajecia4\osoba\zadaniezosoba\zadaniezosoba\colors.h(635): warning C4838: conversion from 'double' to 'const GLfloat' requires a narrowing conversion
e:\programowanie\opengl\zajecia4\osoba\zadaniezosoba\zadaniezosoba\colors.h(635): warning C4305: 'initializing': truncation from 'double' to 'const GLfloat'
e:\programowanie\opengl\zajecia4\osoba\zadaniezosoba\zadaniezosoba\colors.h(640): warning C4838: conversion from 'double' to 'const GLfloat' requires a narrowing conversion
e:\programowanie\opengl\zajecia4\osoba\zadaniezosoba\zadaniezosoba\colors.h(640): warning C4305: 'initializing': truncation from 'double' to 'const GLfloat'
e:\programowanie\opengl\zajecia4\osoba\zadaniezosoba\zadaniezosoba\colors.h(645): warning C4838: conversion from 'double' to 'const GLfloat' requires a narrowing conversion
e:\programowanie\opengl\zajecia4\osoba\zadaniezosoba\zadaniezosoba\colors.h(645): warning C4305: 'initializing': truncation from 'double' to 'const GLfloat'
e:\programowanie\opengl\zajecia4\osoba\zadaniezosoba\zadaniezosoba\colors.h(652): warning C4838: conversion from 'double' to 'const GLfloat' requires a narrowing conversion
e:\programowanie\opengl\zajecia4\osoba\zadaniezosoba\zadaniezosoba\colors.h(652): warning C4305: 'initializing': truncation from 'double' to 'const GLfloat'
e:\programowanie\opengl\zajecia4\osoba\zadaniezosoba\zadaniezosoba\colors.h(659): warning C4838: conversion from 'double' to 'const GLfloat' requires a narrowing conversion
e:\programowanie\opengl\zajecia4\osoba\zadaniezosoba\zadaniezosoba\colors.h(659): warning C4305: 'initializing': truncation from 'double' to 'const GLfloat'
e:\programowanie\opengl\zajecia4\osoba\zadaniezosoba\zadaniezosoba\colors.h(664): warning C4838: conversion from 'double' to 'const GLfloat' requires a narrowing conversion
e:\programowanie\opengl\zajecia4\osoba\zadaniezosoba\zadaniezosoba\colors.h(664): warning C4305: 'initializing': truncation from 'double' to 'const GLfloat'
e:\programowanie\opengl\zajecia4\osoba\zadaniezosoba\zadaniezosoba\colors.h(671): warning C4838: conversion from 'double' to 'const GLfloat' requires a narrowing conversion
e:\programowanie\opengl\zajecia4\osoba\zadaniezosoba\zadaniezosoba\colors.h(671): warning C4305: 'initializing': truncation from 'double' to 'const GLfloat'
e:\programowanie\opengl\zajecia4\osoba\zadaniezosoba\zadaniezosoba\colors.h(683): warning C4838: conversion from 'double' to 'const GLfloat' requires a narrowing conversion
e:\programowanie\opengl\zajecia4\osoba\zadaniezosoba\zadaniezosoba\colors.h(683): warning C4305: 'initializing': truncation from 'double' to 'const GLfloat'
e:\programowanie\opengl\zajecia4\osoba\zadaniezosoba\zadaniezosoba\colors.h(688): warning C4838: conversion from 'double' to 'const GLfloat' requires a narrowing conversion
e:\programowanie\opengl\zajecia4\osoba\zadaniezosoba\zadaniezosoba\colors.h(688): warning C4305: 'initializing': truncation from 'double' to 'const GLfloat'
e:\programowanie\opengl\zajecia4\osoba\zadaniezosoba\zadaniezosoba\colors.h(695): warning C4838: conversion from 'double' to 'const GLfloat' requires a narrowing conversion
e:\programowanie\opengl\zajecia4\osoba\zadaniezosoba\zadaniezosoba\colors.h(695): warning C4305: 'initializing': truncation from 'double' to 'const GLfloat'
e:\programowanie\opengl\zajecia4\osoba\zadaniezosoba\zadaniezosoba\colors.h(702): warning C4838: conversion from 'double' to 'const GLfloat' requires a narrowing conversion
e:\programowanie\opengl\zajecia4\osoba\zadaniezosoba\zadaniezosoba\colors.h(702): warning C4305: 'initializing': truncation from 'double' to 'const GLfloat'
e:\programowanie\opengl\zajecia4\osoba\zadaniezosoba\zadaniezosoba\colors.h(707): warning C4838: conversion from 'double' to 'const GLfloat' requires a narrowing conversion
e:\programowanie\opengl\zajecia4\osoba\zadaniezosoba\zadaniezosoba\colors.h(707): warning C4305: 'initializing': truncation from 'double' to 'const GLfloat'
e:\programowanie\opengl\zajecia4\osoba\zadaniezosoba\zadaniezosoba\colors.h(712): warning C4838: conversion from 'double' to 'const GLfloat' requires a narrowing conversion
e:\programowanie\opengl\zajecia4\osoba\zadaniezosoba\zadaniezosoba\colors.h(712): warning C4305: 'initializing': truncation from 'double' to 'const GLfloat'
e:\programowanie\opengl\zajecia4\osoba\zadaniezosoba\zadaniezosoba\colors.h(717): warning C4838: conversion from 'double' to 'const GLfloat' requires a narrowing conversion
e:\programowanie\opengl\zajecia4\osoba\zadaniezosoba\zadaniezosoba\colors.h(717): warning C4305: 'initializing': truncation from 'double' to 'const GLfloat'
e:\programowanie\opengl\zajecia4\osoba\zadaniezosoba\zadaniezosoba\colors.h(724): warning C4838: conversion from 'double' to 'const GLfloat' requires a narrowing conversion
e:\programowanie\opengl\zajecia4\osoba\zadaniezosoba\zadaniezosoba\colors.h(724): warning C4305: 'initializing': truncation from 'double' to 'const GLfloat'
e:\programowanie\opengl\zajecia4\osoba\zadaniezosoba\zadaniezosoba\colors.h(731): warning C4838: conversion from 'double' to 'const GLfloat' requires a narrowing conversion
e:\programowanie\opengl\zajecia4\osoba\zadaniezosoba\zadaniezosoba\colors.h(731): warning C4305: 'initializing': truncation from 'double' to 'const GLfloat'
e:\programowanie\opengl\zajecia4\osoba\zadaniezosoba\zadaniezosoba\colors.h(738): warning C4838: conversion from 'double' to 'const GLfloat' requires a narrowing conversion
e:\programowanie\opengl\zajecia4\osoba\zadaniezosoba\zadaniezosoba\colors.h(738): warning C4305: 'initializing': truncation from 'double' to 'const GLfloat'
e:\programowanie\opengl\zajecia4\osoba\zadaniezosoba\zadaniezosoba\colors.h(745): warning C4838: conversion from 'double' to 'const GLfloat' requires a narrowing conversion
e:\programowanie\opengl\zajecia4\osoba\zadaniezosoba\zadaniezosoba\colors.h(745): warning C4305: 'initializing': truncation from 'double' to 'const GLfloat'
e:\programowanie\opengl\zajecia4\osoba\zadaniezosoba\zadaniezosoba\colors.h(752): warning C4838: conversion from 'double' to 'const GLfloat' requires a narrowing conversion
e:\programowanie\opengl\zajecia4\osoba\zadaniezosoba\zadaniezosoba\colors.h(752): warning C4305: 'initializing': truncation from 'double' to 'const GLfloat'
e:\programowanie\opengl\zajecia4\osoba\zadaniezosoba\zadaniezosoba\colors.h(759): warning C4838: conversion from 'double' to 'const GLfloat' requires a narrowing conversion
e:\programowanie\opengl\zajecia4\osoba\zadaniezosoba\zadaniezosoba\colors.h(759): warning C4305: 'initializing': truncation from 'double' to 'const GLfloat'
e:\programowanie\opengl\zajecia4\osoba\zadaniezosoba\zadaniezosoba\colors.h(766): warning C4838: conversion from 'double' to 'const GLfloat' requires a narrowing conversion
e:\programowanie\opengl\zajecia4\osoba\zadaniezosoba\zadaniezosoba\colors.h(766): warning C4305: 'initializing': truncation from 'double' to 'const GLfloat'
e:\programowanie\opengl\zajecia4\osoba\zadaniezosoba\zadaniezosoba\colors.h(773): warning C4838: conversion from 'double' to 'const GLfloat' requires a narrowing conversion
e:\programowanie\opengl\zajecia4\osoba\zadaniezosoba\zadaniezosoba\colors.h(773): warning C4305: 'initializing': truncation from 'double' to 'const GLfloat'
e:\programowanie\opengl\zajecia4\osoba\zadaniezosoba\zadaniezosoba\colors.h(780): warning C4838: conversion from 'double' to 'const GLfloat' requires a narrowing conversion
e:\programowanie\opengl\zajecia4\osoba\zadaniezosoba\zadaniezosoba\colors.h(780): warning C4305: 'initializing': truncation from 'double' to 'const GLfloat'
e:\programowanie\opengl\zajecia4\osoba\zadaniezosoba\zadaniezosoba\colors.h(787): warning C4838: conversion from 'double' to 'const GLfloat' requires a narrowing conversion
e:\programowanie\opengl\zajecia4\osoba\zadaniezosoba\zadaniezosoba\colors.h(787): warning C4305: 'initializing': truncation from 'double' to 'const GLfloat'
e:\programowanie\opengl\zajecia4\osoba\zadaniezosoba\zadaniezosoba\colors.h(794): warning C4838: conversion from 'double' to 'const GLfloat' requires a narrowing conversion
e:\programowanie\opengl\zajecia4\osoba\zadaniezosoba\zadaniezosoba\colors.h(794): warning C4305: 'initializing': truncation from 'double' to 'const GLfloat'
e:\programowanie\opengl\zajecia4\osoba\zadaniezosoba\zadaniezosoba\colors.h(801): warning C4838: conversion from 'double' to 'const GLfloat' requires a narrowing conversion
e:\programowanie\opengl\zajecia4\osoba\zadaniezosoba\zadaniezosoba\colors.h(801): warning C4305: 'initializing': truncation from 'double' to 'const GLfloat'
e:\programowanie\opengl\zajecia4\osoba\zadaniezosoba\zadaniezosoba\colors.h(815): warning C4838: conversion from 'double' to 'const GLfloat' requires a narrowing conversion
e:\programowanie\opengl\zajecia4\osoba\zadaniezosoba\zadaniezosoba\colors.h(815): warning C4305: 'initializing': truncation from 'double' to 'const GLfloat'
e:\programowanie\opengl\zajecia4\osoba\zadaniezosoba\zadaniezosoba\colors.h(822): warning C4838: conversion from 'double' to 'const GLfloat' requires a narrowing conversion
e:\programowanie\opengl\zajecia4\osoba\zadaniezosoba\zadaniezosoba\colors.h(822): warning C4305: 'initializing': truncation from 'double' to 'const GLfloat'
e:\programowanie\opengl\zajecia4\osoba\zadaniezosoba\zadaniezosoba\colors.h(827): warning C4838: conversion from 'double' to 'const GLfloat' requires a narrowing conversion
e:\programowanie\opengl\zajecia4\osoba\zadaniezosoba\zadaniezosoba\colors.h(827): warning C4305: 'initializing': truncation from 'double' to 'const GLfloat'
e:\programowanie\opengl\zajecia4\osoba\zadaniezosoba\zadaniezosoba\colors.h(839): warning C4838: conversion from 'double' to 'const GLfloat' requires a narrowing conversion
e:\programowanie\opengl\zajecia4\osoba\zadaniezosoba\zadaniezosoba\colors.h(839): warning C4305: 'initializing': truncation from 'double' to 'const GLfloat'
e:\programowanie\opengl\zajecia4\osoba\zadaniezosoba\zadaniezosoba\colors.h(853): warning C4838: conversion from 'double' to 'const GLfloat' requires a narrowing conversion
e:\programowanie\opengl\zajecia4\osoba\zadaniezosoba\zadaniezosoba\colors.h(853): warning C4305: 'initializing': truncation from 'double' to 'const GLfloat'
e:\programowanie\opengl\zajecia4\osoba\zadaniezosoba\zadaniezosoba\zadaniezosoba.cpp(66): warning C4267: 'initializing': conversion from 'size_t' to 'int', possible loss of data
e:\programowanie\opengl\zajecia4\osoba\zadaniezosoba\zadaniezosoba\zadaniezosoba.cpp(115): error C4996: 'sprintf': This function or variable may be unsafe. Consider using sprintf_s instead. To disable deprecation, use _CRT_SECURE_NO_WARNINGS. See online help for details.
  c:\program files (x86)\windows kits\10\include\10.0.10240.0\ucrt\stdio.h(1769): note: see declaration of 'sprintf'
e:\programowanie\opengl\zajecia4\osoba\zadaniezosoba\zadaniezosoba\zadaniezosoba.cpp(117): error C4996: 'sprintf': This function or variable may be unsafe. Consider using sprintf_s instead. To disable deprecation, use _CRT_SECURE_NO_WARNINGS. See online help for details.
  c:\program files (x86)\windows kits\10\include\10.0.10240.0\ucrt\stdio.h(1769): note: see declaration of 'sprintf'
e:\programowanie\opengl\zajecia4\osoba\zadaniezosoba\zadaniezosoba\zadaniezosoba.cpp(121): error C4996: 'sprintf': This function or variable may be unsafe. Consider using sprintf_s instead. To disable deprecation, use _CRT_SECURE_NO_WARNINGS. See online help for details.
  c:\program files (x86)\windows kits\10\include\10.0.10240.0\ucrt\stdio.h(1769): note: see declaration of 'sprintf'
e:\programowanie\opengl\zajecia4\osoba\zadaniezosoba\zadaniezosoba\zadaniezosoba.cpp(129): error C4996: 'sprintf': This function or variable may be unsafe. Consider using sprintf_s instead. To disable deprecation, use _CRT_SECURE_NO_WARNINGS. See online help for details.
  c:\program files (x86)\windows kits\10\include\10.0.10240.0\ucrt\stdio.h(1769): note: see declaration of 'sprintf'
e:\programowanie\opengl\zajecia4\osoba\zadaniezosoba\zadaniezosoba\zadaniezosoba.cpp(132): error C4996: 'sprintf': This function or variable may be unsafe. Consider using sprintf_s instead. To disable deprecation, use _CRT_SECURE_NO_WARNINGS. See online help for details.
  c:\program files (x86)\windows kits\10\include\10.0.10240.0\ucrt\stdio.h(1769): note: see declaration of 'sprintf'
e:\programowanie\opengl\zajecia4\osoba\zadaniezosoba\zadaniezosoba\zadaniezosoba.cpp(135): error C4996: 'sprintf': This function or variable may be unsafe. Consider using sprintf_s instead. To disable deprecation, use _CRT_SECURE_NO_WARNINGS. See online help for details.
  c:\program files (x86)\windows kits\10\include\10.0.10240.0\ucrt\stdio.h(1769): note: see declaration of 'sprintf'
e:\programowanie\opengl\zajecia4\osoba\zadaniezosoba\zadaniezosoba\zadaniezosoba.cpp(138): error C4996: 'sprintf': This function or variable may be unsafe. Consider using sprintf_s instead. To disable deprecation, use _CRT_SECURE_NO_WARNINGS. See online help for details.
  c:\program files (x86)\windows kits\10\include\10.0.10240.0\ucrt\stdio.h(1769): note: see declaration of 'sprintf'
e:\programowanie\opengl\zajecia4\osoba\zadaniezosoba\zadaniezosoba\zadaniezosoba.cpp(142): error C4996: 'sprintf': This function or variable may be unsafe. Consider using sprintf_s instead. To disable deprecation, use _CRT_SECURE_NO_WARNINGS. See online help for details.
  c:\program files (x86)\windows kits\10\include\10.0.10240.0\ucrt\stdio.h(1769): note: see declaration of 'sprintf'
e:\programowanie\opengl\zajecia4\osoba\zadaniezosoba\zadaniezosoba\zadaniezosoba.cpp(145): error C4996: 'sprintf': This function or variable may be unsafe. Consider using sprintf_s instead. To disable deprecation, use _CRT_SECURE_NO_WARNINGS. See online help for details.
  c:\program files (x86)\windows kits\10\include\10.0.10240.0\ucrt\stdio.h(1769): note: see declaration of 'sprintf'
e:\programowanie\opengl\zajecia4\osoba\zadaniezosoba\zadaniezosoba\zadaniezosoba.cpp(149): error C4996: 'sprintf': This function or variable may be unsafe. Consider using sprintf_s instead. To disable deprecation, use _CRT_SECURE_NO_WARNINGS. See online help for details.
  c:\program files (x86)\windows kits\10\include\10.0.10240.0\ucrt\stdio.h(1769): note: see declaration of 'sprintf'
e:\programowanie\opengl\zajecia4\osoba\zadaniezosoba\zadaniezosoba\zadaniezosoba.cpp(153): error C4996: 'sprintf': This function or variable may be unsafe. Consider using sprintf_s instead. To disable deprecation, use _CRT_SECURE_NO_WARNINGS. See online help for details.
  c:\program files (x86)\windows kits\10\include\10.0.10240.0\ucrt\stdio.h(1769): note: see declaration of 'sprintf'
e:\programowanie\opengl\zajecia4\osoba\zadaniezosoba\zadaniezosoba\zadaniezosoba.cpp(156): error C4996: 'sprintf': This function or variable may be unsafe. Consider using sprintf_s instead. To disable deprecation, use _CRT_SECURE_NO_WARNINGS. See online help for details.
  c:\program files (x86)\windows kits\10\include\10.0.10240.0\ucrt\stdio.h(1769): note: see declaration of 'sprintf'
e:\programowanie\opengl\zajecia4\osoba\zadaniezosoba\zadaniezosoba\zadaniezosoba.cpp(159): error C4996: 'sprintf': This function or variable may be unsafe. Consider using sprintf_s instead. To disable deprecation, use _CRT_SECURE_NO_WARNINGS. See online help for details.
  c:\program files (x86)\windows kits\10\include\10.0.10240.0\ucrt\stdio.h(1769): note: see declaration of 'sprintf'
e:\programowanie\opengl\zajecia4\osoba\zadaniezosoba\zadaniezosoba\zadaniezosoba.cpp(162): error C4996: 'sprintf': This function or variable may be unsafe. Consider using sprintf_s instead. To disable deprecation, use _CRT_SECURE_NO_WARNINGS. See online help for details.
  c:\program files (x86)\windows kits\10\include\10.0.10240.0\ucrt\stdio.h(1769): note: see declaration of 'sprintf'
e:\programowanie\opengl\zajecia4\osoba\zadaniezosoba\zadaniezosoba\zadaniezosoba.cpp(165): error C4996: 'sprintf': This function or variable may be unsafe. Consider using sprintf_s instead. To disable deprecation, use _CRT_SECURE_NO_WARNINGS. See online help for details.
  c:\program files (x86)\windows kits\10\include\10.0.10240.0\ucrt\stdio.h(1769): note: see declaration of 'sprintf'
e:\programowanie\opengl\zajecia4\osoba\zadaniezosoba\zadaniezosoba\zadaniezosoba.cpp(168): error C4996: 'sprintf': This function or variable may be unsafe. Consider using sprintf_s instead. To disable deprecation, use _CRT_SECURE_NO_WARNINGS. See online help for details.
  c:\program files (x86)\windows kits\10\include\10.0.10240.0\ucrt\stdio.h(1769): note: see declaration of 'sprintf'
e:\programowanie\opengl\zajecia4\osoba\zadaniezosoba\zadaniezosoba\zadaniezosoba.cpp(171): error C4996: 'sprintf': This function or variable may be unsafe. Consider using sprintf_s instead. To disable deprecation, use _CRT_SECURE_NO_WARNINGS. See online help for details.
  c:\program files (x86)\windows kits\10\include\10.0.10240.0\ucrt\stdio.h(1769): note: see declaration of 'sprintf'
e:\programowanie\opengl\zajecia4\osoba\zadaniezosoba\zadaniezosoba\zadaniezosoba.cpp(174): error C4996: 'sprintf': This function or variable may be unsafe. Consider using sprintf_s instead. To disable deprecation, use _CRT_SECURE_NO_WARNINGS. See online help for details.
  c:\program files (x86)\windows kits\10\include\10.0.10240.0\ucrt\stdio.h(1769): note: see declaration of 'sprintf'
e:\programowanie\opengl\zajecia4\osoba\zadaniezosoba\zadaniezosoba\zadaniezosoba.cpp(178): error C4996: 'sprintf': This function or variable may be unsafe. Consider using sprintf_s instead. To disable deprecation, use _CRT_SECURE_NO_WARNINGS. See online help for details.
  c:\program files (x86)\windows kits\10\include\10.0.10240.0\ucrt\stdio.h(1769): note: see declaration of 'sprintf'
e:\programowanie\opengl\zajecia4\osoba\zadaniezosoba\zadaniezosoba\zadaniezosoba.cpp(187): error C4996: 'sprintf': This function or variable may be unsafe. Consider using sprintf_s instead. To disable deprecation, use _CRT_SECURE_NO_WARNINGS. See online help for details.
  c:\program files (x86)\windows kits\10\include\10.0.10240.0\ucrt\stdio.h(1769): note: see declaration of 'sprintf'
e:\programowanie\opengl\zajecia4\osoba\zadaniezosoba\zadaniezosoba\zadaniezosoba.cpp(190): error C4996: 'sprintf': This function or variable may be unsafe. Consider using sprintf_s instead. To disable deprecation, use _CRT_SECURE_NO_WARNINGS. See online help for details.
  c:\program files (x86)\windows kits\10\include\10.0.10240.0\ucrt\stdio.h(1769): note: see declaration of 'sprintf'
e:\programowanie\opengl\zajecia4\osoba\zadaniezosoba\zadaniezosoba\zadaniezosoba.cpp(193): error C4996: 'sprintf': This function or variable may be unsafe. Consider using sprintf_s instead. To disable deprecation, use _CRT_SECURE_NO_WARNINGS. See online help for details.
  c:\program files (x86)\windows kits\10\include\10.0.10240.0\ucrt\stdio.h(1769): note: see declaration of 'sprintf'
e:\programowanie\opengl\zajecia4\osoba\zadaniezosoba\zadaniezosoba\zadaniezosoba.cpp(199): error C4996: 'sprintf': This function or variable may be unsafe. Consider using sprintf_s instead. To disable deprecation, use _CRT_SECURE_NO_WARNINGS. See online help for details.
  c:\program files (x86)\windows kits\10\include\10.0.10240.0\ucrt\stdio.h(1769): note: see declaration of 'sprintf'
e:\programowanie\opengl\zajecia4\osoba\zadaniezosoba\zadaniezosoba\zadaniezosoba.cpp(209): error C4996: 'sprintf': This function or variable may be unsafe. Consider using sprintf_s instead. To disable deprecation, use _CRT_SECURE_NO_WARNINGS. See online help for details.
  c:\program files (x86)\windows kits\10\include\10.0.10240.0\ucrt\stdio.h(1769): note: see declaration of 'sprintf'
e:\programowanie\opengl\zajecia4\osoba\zadaniezosoba\zadaniezosoba\zadaniezosoba.cpp(212): error C4996: 'sprintf': This function or variable may be unsafe. Consider using sprintf_s instead. To disable deprecation, use _CRT_SECURE_NO_WARNINGS. See online help for details.
  c:\program files (x86)\windows kits\10\include\10.0.10240.0\ucrt\stdio.h(1769): note: see declaration of 'sprintf'
e:\programowanie\opengl\zajecia4\osoba\zadaniezosoba\zadaniezosoba\zadaniezosoba.cpp(215): error C4996: 'sprintf': This function or variable may be unsafe. Consider using sprintf_s instead. To disable deprecation, use _CRT_SECURE_NO_WARNINGS. See online help for details.
  c:\program files (x86)\windows kits\10\include\10.0.10240.0\ucrt\stdio.h(1769): note: see declaration of 'sprintf'
e:\programowanie\opengl\zajecia4\osoba\zadaniezosoba\zadaniezosoba\zadaniezosoba.cpp(218): error C4996: 'sprintf': This function or variable may be unsafe. Consider using sprintf_s instead. To disable deprecation, use _CRT_SECURE_NO_WARNINGS. See online help for details.
  c:\program files (x86)\windows kits\10\include\10.0.10240.0\ucrt\stdio.h(1769): note: see declaration of 'sprintf'
e:\programowanie\opengl\zajecia4\osoba\zadaniezosoba\zadaniezosoba\zadaniezosoba.cpp(222): error C4996: 'sprintf': This function or variable may be unsafe. Consider using sprintf_s instead. To disable deprecation, use _CRT_SECURE_NO_WARNINGS. See online help for details.
  c:\program files (x86)\windows kits\10\include\10.0.10240.0\ucrt\stdio.h(1769): note: see declaration of 'sprintf'
e:\programowanie\opengl\zajecia4\osoba\zadaniezosoba\zadaniezosoba\zadaniezosoba.cpp(225): error C4996: 'sprintf': This function or variable may be unsafe. Consider using sprintf_s instead. To disable deprecation, use _CRT_SECURE_NO_WARNINGS. See online help for details.
  c:\program files (x86)\windows kits\10\include\10.0.10240.0\ucrt\stdio.h(1769): note: see declaration of 'sprintf'
e:\programowanie\opengl\zajecia4\osoba\zadaniezosoba\zadaniezosoba\zadaniezosoba.cpp(230): error C4996: 'sprintf': This function or variable may be unsafe. Consider using sprintf_s instead. To disable deprecation, use _CRT_SECURE_NO_WARNINGS. See online help for details.
  c:\program files (x86)\windows kits\10\include\10.0.10240.0\ucrt\stdio.h(1769): note: see declaration of 'sprintf'
e:\programowanie\opengl\zajecia4\osoba\zadaniezosoba\zadaniezosoba\zadaniezosoba.cpp(234): error C4996: 'sprintf': This function or variable may be unsafe. Consider using sprintf_s instead. To disable deprecation, use _CRT_SECURE_NO_WARNINGS. See online help for details.
  c:\program files (x86)\windows kits\10\include\10.0.10240.0\ucrt\stdio.h(1769): note: see declaration of 'sprintf'
e:\programowanie\opengl\zajecia4\osoba\zadaniezosoba\zadaniezosoba\zadaniezosoba.cpp(419): error C4996: 'sscanf': This function or variable may be unsafe. Consider using sscanf_s instead. To disable deprecation, use _CRT_SECURE_NO_WARNINGS. See online help for details.
  c:\program files (x86)\windows kits\10\include\10.0.10240.0\ucrt\stdio.h(2254): note: see declaration of 'sscanf'
