  stdafx.cpp
  zadaniekrzaki.cpp
e:\programowanie\opengl\zajecia4\krzaki\zadaniekrzaki\zadaniekrzaki\colors.h(20): warning C4838: conversion from 'double' to 'const GLfloat' requires a narrowing conversion
e:\programowanie\opengl\zajecia4\krzaki\zadaniekrzaki\zadaniekrzaki\colors.h(20): warning C4305: 'initializing': truncation from 'double' to 'const GLfloat'
e:\programowanie\opengl\zajecia4\krzaki\zadaniekrzaki\zadaniekrzaki\colors.h(25): warning C4838: conversion from 'double' to 'const GLfloat' requires a narrowing conversion
e:\programowanie\opengl\zajecia4\krzaki\zadaniekrzaki\zadaniekrzaki\colors.h(25): warning C4305: 'initializing': truncation from 'double' to 'const GLfloat'
e:\programowanie\opengl\zajecia4\krzaki\zadaniekrzaki\zadaniekrzaki\colors.h(35): warning C4838: conversion from 'double' to 'const GLfloat' requires a narrowing conversion
e:\programowanie\opengl\zajecia4\krzaki\zadaniekrzaki\zadaniekrzaki\colors.h(35): warning C4305: 'initializing': truncation from 'double' to 'const GLfloat'
e:\programowanie\opengl\zajecia4\krzaki\zadaniekrzaki\zadaniekrzaki\colors.h(42): warning C4838: conversion from 'double' to 'const GLfloat' requires a narrowing conversion
e:\programowanie\opengl\zajecia4\krzaki\zadaniekrzaki\zadaniekrzaki\colors.h(42): warning C4305: 'initializing': truncation from 'double' to 'const GLfloat'
e:\programowanie\opengl\zajecia4\krzaki\zadaniekrzaki\zadaniekrzaki\colors.h(49): warning C4838: conversion from 'double' to 'const GLfloat' requires a narrowing conversion
e:\programowanie\opengl\zajecia4\krzaki\zadaniekrzaki\zadaniekrzaki\colors.h(49): warning C4305: 'initializing': truncation from 'double' to 'const GLfloat'
e:\programowanie\opengl\zajecia4\krzaki\zadaniekrzaki\zadaniekrzaki\colors.h(54): warning C4838: conversion from 'double' to 'const GLfloat' requires a narrowing conversion
e:\programowanie\opengl\zajecia4\krzaki\zadaniekrzaki\zadaniekrzaki\colors.h(54): warning C4305: 'initializing': truncation from 'double' to 'const GLfloat'
e:\programowanie\opengl\zajecia4\krzaki\zadaniekrzaki\zadaniekrzaki\colors.h(66): warning C4838: conversion from 'double' to 'const GLfloat' requires a narrowing conversion
e:\programowanie\opengl\zajecia4\krzaki\zadaniekrzaki\zadaniekrzaki\colors.h(66): warning C4305: 'initializing': truncation from 'double' to 'const GLfloat'
e:\programowanie\opengl\zajecia4\krzaki\zadaniekrzaki\zadaniekrzaki\colors.h(80): warning C4838: conversion from 'double' to 'const GLfloat' requires a narrowing conversion
e:\programowanie\opengl\zajecia4\krzaki\zadaniekrzaki\zadaniekrzaki\colors.h(80): warning C4305: 'initializing': truncation from 'double' to 'const GLfloat'
e:\programowanie\opengl\zajecia4\krzaki\zadaniekrzaki\zadaniekrzaki\colors.h(87): warning C4838: conversion from 'double' to 'const GLfloat' requires a narrowing conversion
e:\programowanie\opengl\zajecia4\krzaki\zadaniekrzaki\zadaniekrzaki\colors.h(87): warning C4305: 'initializing': truncation from 'double' to 'const GLfloat'
e:\programowanie\opengl\zajecia4\krzaki\zadaniekrzaki\zadaniekrzaki\colors.h(92): warning C4838: conversion from 'double' to 'const GLfloat' requires a narrowing conversion
e:\programowanie\opengl\zajecia4\krzaki\zadaniekrzaki\zadaniekrzaki\colors.h(92): warning C4305: 'initializing': truncation from 'double' to 'const GLfloat'
e:\programowanie\opengl\zajecia4\krzaki\zadaniekrzaki\zadaniekrzaki\colors.h(97): warning C4838: conversion from 'double' to 'const GLfloat' requires a narrowing conversion
e:\programowanie\opengl\zajecia4\krzaki\zadaniekrzaki\zadaniekrzaki\colors.h(97): warning C4305: 'initializing': truncation from 'double' to 'const GLfloat'
e:\programowanie\opengl\zajecia4\krzaki\zadaniekrzaki\zadaniekrzaki\colors.h(102): warning C4838: conversion from 'double' to 'const GLfloat' requires a narrowing conversion
e:\programowanie\opengl\zajecia4\krzaki\zadaniekrzaki\zadaniekrzaki\colors.h(102): warning C4305: 'initializing': truncation from 'double' to 'const GLfloat'
e:\programowanie\opengl\zajecia4\krzaki\zadaniekrzaki\zadaniekrzaki\colors.h(109): warning C4838: conversion from 'double' to 'const GLfloat' requires a narrowing conversion
e:\programowanie\opengl\zajecia4\krzaki\zadaniekrzaki\zadaniekrzaki\colors.h(109): warning C4305: 'initializing': truncation from 'double' to 'const GLfloat'
e:\programowanie\opengl\zajecia4\krzaki\zadaniekrzaki\zadaniekrzaki\colors.h(116): warning C4838: conversion from 'double' to 'const GLfloat' requires a narrowing conversion
e:\programowanie\opengl\zajecia4\krzaki\zadaniekrzaki\zadaniekrzaki\colors.h(116): warning C4305: 'initializing': truncation from 'double' to 'const GLfloat'
e:\programowanie\opengl\zajecia4\krzaki\zadaniekrzaki\zadaniekrzaki\colors.h(121): warning C4838: conversion from 'double' to 'const GLfloat' requires a narrowing conversion
e:\programowanie\opengl\zajecia4\krzaki\zadaniekrzaki\zadaniekrzaki\colors.h(121): warning C4305: 'initializing': truncation from 'double' to 'const GLfloat'
e:\programowanie\opengl\zajecia4\krzaki\zadaniekrzaki\zadaniekrzaki\colors.h(126): warning C4838: conversion from 'double' to 'const GLfloat' requires a narrowing conversion
e:\programowanie\opengl\zajecia4\krzaki\zadaniekrzaki\zadaniekrzaki\colors.h(126): warning C4305: 'initializing': truncation from 'double' to 'const GLfloat'
e:\programowanie\opengl\zajecia4\krzaki\zadaniekrzaki\zadaniekrzaki\colors.h(133): warning C4838: conversion from 'double' to 'const GLfloat' requires a narrowing conversion
e:\programowanie\opengl\zajecia4\krzaki\zadaniekrzaki\zadaniekrzaki\colors.h(133): warning C4305: 'initializing': truncation from 'double' to 'const GLfloat'
e:\programowanie\opengl\zajecia4\krzaki\zadaniekrzaki\zadaniekrzaki\colors.h(147): warning C4838: conversion from 'double' to 'const GLfloat' requires a narrowing conversion
e:\programowanie\opengl\zajecia4\krzaki\zadaniekrzaki\zadaniekrzaki\colors.h(147): warning C4305: 'initializing': truncation from 'double' to 'const GLfloat'
e:\programowanie\opengl\zajecia4\krzaki\zadaniekrzaki\zadaniekrzaki\colors.h(154): warning C4838: conversion from 'double' to 'const GLfloat' requires a narrowing conversion
e:\programowanie\opengl\zajecia4\krzaki\zadaniekrzaki\zadaniekrzaki\colors.h(154): warning C4305: 'initializing': truncation from 'double' to 'const GLfloat'
e:\programowanie\opengl\zajecia4\krzaki\zadaniekrzaki\zadaniekrzaki\colors.h(159): warning C4838: conversion from 'double' to 'const GLfloat' requires a narrowing conversion
e:\programowanie\opengl\zajecia4\krzaki\zadaniekrzaki\zadaniekrzaki\colors.h(159): warning C4305: 'initializing': truncation from 'double' to 'const GLfloat'
e:\programowanie\opengl\zajecia4\krzaki\zadaniekrzaki\zadaniekrzaki\colors.h(166): warning C4838: conversion from 'double' to 'const GLfloat' requires a narrowing conversion
e:\programowanie\opengl\zajecia4\krzaki\zadaniekrzaki\zadaniekrzaki\colors.h(166): warning C4305: 'initializing': truncation from 'double' to 'const GLfloat'
e:\programowanie\opengl\zajecia4\krzaki\zadaniekrzaki\zadaniekrzaki\colors.h(173): warning C4838: conversion from 'double' to 'const GLfloat' requires a narrowing conversion
e:\programowanie\opengl\zajecia4\krzaki\zadaniekrzaki\zadaniekrzaki\colors.h(173): warning C4305: 'initializing': truncation from 'double' to 'const GLfloat'
e:\programowanie\opengl\zajecia4\krzaki\zadaniekrzaki\zadaniekrzaki\colors.h(180): warning C4838: conversion from 'double' to 'const GLfloat' requires a narrowing conversion
e:\programowanie\opengl\zajecia4\krzaki\zadaniekrzaki\zadaniekrzaki\colors.h(180): warning C4305: 'initializing': truncation from 'double' to 'const GLfloat'
e:\programowanie\opengl\zajecia4\krzaki\zadaniekrzaki\zadaniekrzaki\colors.h(187): warning C4838: conversion from 'double' to 'const GLfloat' requires a narrowing conversion
e:\programowanie\opengl\zajecia4\krzaki\zadaniekrzaki\zadaniekrzaki\colors.h(187): warning C4305: 'initializing': truncation from 'double' to 'const GLfloat'
e:\programowanie\opengl\zajecia4\krzaki\zadaniekrzaki\zadaniekrzaki\colors.h(192): warning C4838: conversion from 'double' to 'const GLfloat' requires a narrowing conversion
e:\programowanie\opengl\zajecia4\krzaki\zadaniekrzaki\zadaniekrzaki\colors.h(192): warning C4305: 'initializing': truncation from 'double' to 'const GLfloat'
e:\programowanie\opengl\zajecia4\krzaki\zadaniekrzaki\zadaniekrzaki\colors.h(199): warning C4838: conversion from 'double' to 'const GLfloat' requires a narrowing conversion
e:\programowanie\opengl\zajecia4\krzaki\zadaniekrzaki\zadaniekrzaki\colors.h(199): warning C4305: 'initializing': truncation from 'double' to 'const GLfloat'
e:\programowanie\opengl\zajecia4\krzaki\zadaniekrzaki\zadaniekrzaki\colors.h(204): warning C4838: conversion from 'double' to 'const GLfloat' requires a narrowing conversion
e:\programowanie\opengl\zajecia4\krzaki\zadaniekrzaki\zadaniekrzaki\colors.h(204): warning C4305: 'initializing': truncation from 'double' to 'const GLfloat'
e:\programowanie\opengl\zajecia4\krzaki\zadaniekrzaki\zadaniekrzaki\colors.h(211): warning C4838: conversion from 'double' to 'const GLfloat' requires a narrowing conversion
e:\programowanie\opengl\zajecia4\krzaki\zadaniekrzaki\zadaniekrzaki\colors.h(211): warning C4305: 'initializing': truncation from 'double' to 'const GLfloat'
e:\programowanie\opengl\zajecia4\krzaki\zadaniekrzaki\zadaniekrzaki\colors.h(216): warning C4838: conversion from 'double' to 'const GLfloat' requires a narrowing conversion
e:\programowanie\opengl\zajecia4\krzaki\zadaniekrzaki\zadaniekrzaki\colors.h(216): warning C4305: 'initializing': truncation from 'double' to 'const GLfloat'
e:\programowanie\opengl\zajecia4\krzaki\zadaniekrzaki\zadaniekrzaki\colors.h(221): warning C4838: conversion from 'double' to 'const GLfloat' requires a narrowing conversion
e:\programowanie\opengl\zajecia4\krzaki\zadaniekrzaki\zadaniekrzaki\colors.h(221): warning C4305: 'initializing': truncation from 'double' to 'const GLfloat'
e:\programowanie\opengl\zajecia4\krzaki\zadaniekrzaki\zadaniekrzaki\colors.h(226): warning C4838: conversion from 'double' to 'const GLfloat' requires a narrowing conversion
e:\programowanie\opengl\zajecia4\krzaki\zadaniekrzaki\zadaniekrzaki\colors.h(226): warning C4305: 'initializing': truncation from 'double' to 'const GLfloat'
e:\programowanie\opengl\zajecia4\krzaki\zadaniekrzaki\zadaniekrzaki\colors.h(231): warning C4838: conversion from 'double' to 'const GLfloat' requires a narrowing conversion
e:\programowanie\opengl\zajecia4\krzaki\zadaniekrzaki\zadaniekrzaki\colors.h(231): warning C4305: 'initializing': truncation from 'double' to 'const GLfloat'
e:\programowanie\opengl\zajecia4\krzaki\zadaniekrzaki\zadaniekrzaki\colors.h(236): warning C4838: conversion from 'double' to 'const GLfloat' requires a narrowing conversion
e:\programowanie\opengl\zajecia4\krzaki\zadaniekrzaki\zadaniekrzaki\colors.h(236): warning C4305: 'initializing': truncation from 'double' to 'const GLfloat'
e:\programowanie\opengl\zajecia4\krzaki\zadaniekrzaki\zadaniekrzaki\colors.h(243): warning C4838: conversion from 'double' to 'const GLfloat' requires a narrowing conversion
e:\programowanie\opengl\zajecia4\krzaki\zadaniekrzaki\zadaniekrzaki\colors.h(243): warning C4305: 'initializing': truncation from 'double' to 'const GLfloat'
e:\programowanie\opengl\zajecia4\krzaki\zadaniekrzaki\zadaniekrzaki\colors.h(248): warning C4838: conversion from 'double' to 'const GLfloat' requires a narrowing conversion
e:\programowanie\opengl\zajecia4\krzaki\zadaniekrzaki\zadaniekrzaki\colors.h(248): warning C4305: 'initializing': truncation from 'double' to 'const GLfloat'
e:\programowanie\opengl\zajecia4\krzaki\zadaniekrzaki\zadaniekrzaki\colors.h(253): warning C4838: conversion from 'double' to 'const GLfloat' requires a narrowing conversion
e:\programowanie\opengl\zajecia4\krzaki\zadaniekrzaki\zadaniekrzaki\colors.h(253): warning C4305: 'initializing': truncation from 'double' to 'const GLfloat'
e:\programowanie\opengl\zajecia4\krzaki\zadaniekrzaki\zadaniekrzaki\colors.h(258): warning C4838: conversion from 'double' to 'const GLfloat' requires a narrowing conversion
e:\programowanie\opengl\zajecia4\krzaki\zadaniekrzaki\zadaniekrzaki\colors.h(258): warning C4305: 'initializing': truncation from 'double' to 'const GLfloat'
e:\programowanie\opengl\zajecia4\krzaki\zadaniekrzaki\zadaniekrzaki\colors.h(263): warning C4838: conversion from 'double' to 'const GLfloat' requires a narrowing conversion
e:\programowanie\opengl\zajecia4\krzaki\zadaniekrzaki\zadaniekrzaki\colors.h(263): warning C4305: 'initializing': truncation from 'double' to 'const GLfloat'
e:\programowanie\opengl\zajecia4\krzaki\zadaniekrzaki\zadaniekrzaki\colors.h(268): warning C4838: conversion from 'double' to 'const GLfloat' requires a narrowing conversion
e:\programowanie\opengl\zajecia4\krzaki\zadaniekrzaki\zadaniekrzaki\colors.h(268): warning C4305: 'initializing': truncation from 'double' to 'const GLfloat'
e:\programowanie\opengl\zajecia4\krzaki\zadaniekrzaki\zadaniekrzaki\colors.h(273): warning C4838: conversion from 'double' to 'const GLfloat' requires a narrowing conversion
e:\programowanie\opengl\zajecia4\krzaki\zadaniekrzaki\zadaniekrzaki\colors.h(273): warning C4305: 'initializing': truncation from 'double' to 'const GLfloat'
e:\programowanie\opengl\zajecia4\krzaki\zadaniekrzaki\zadaniekrzaki\colors.h(278): warning C4838: conversion from 'double' to 'const GLfloat' requires a narrowing conversion
e:\programowanie\opengl\zajecia4\krzaki\zadaniekrzaki\zadaniekrzaki\colors.h(278): warning C4305: 'initializing': truncation from 'double' to 'const GLfloat'
e:\programowanie\opengl\zajecia4\krzaki\zadaniekrzaki\zadaniekrzaki\colors.h(290): warning C4838: conversion from 'double' to 'const GLfloat' requires a narrowing conversion
e:\programowanie\opengl\zajecia4\krzaki\zadaniekrzaki\zadaniekrzaki\colors.h(290): warning C4305: 'initializing': truncation from 'double' to 'const GLfloat'
e:\programowanie\opengl\zajecia4\krzaki\zadaniekrzaki\zadaniekrzaki\colors.h(295): warning C4838: conversion from 'double' to 'const GLfloat' requires a narrowing conversion
e:\programowanie\opengl\zajecia4\krzaki\zadaniekrzaki\zadaniekrzaki\colors.h(295): warning C4305: 'initializing': truncation from 'double' to 'const GLfloat'
e:\programowanie\opengl\zajecia4\krzaki\zadaniekrzaki\zadaniekrzaki\colors.h(302): warning C4838: conversion from 'double' to 'const GLfloat' requires a narrowing conversion
e:\programowanie\opengl\zajecia4\krzaki\zadaniekrzaki\zadaniekrzaki\colors.h(302): warning C4305: 'initializing': truncation from 'double' to 'const GLfloat'
e:\programowanie\opengl\zajecia4\krzaki\zadaniekrzaki\zadaniekrzaki\colors.h(307): warning C4838: conversion from 'double' to 'const GLfloat' requires a narrowing conversion
e:\programowanie\opengl\zajecia4\krzaki\zadaniekrzaki\zadaniekrzaki\colors.h(307): warning C4305: 'initializing': truncation from 'double' to 'const GLfloat'
e:\programowanie\opengl\zajecia4\krzaki\zadaniekrzaki\zadaniekrzaki\colors.h(314): warning C4838: conversion from 'double' to 'const GLfloat' requires a narrowing conversion
e:\programowanie\opengl\zajecia4\krzaki\zadaniekrzaki\zadaniekrzaki\colors.h(314): warning C4305: 'initializing': truncation from 'double' to 'const GLfloat'
e:\programowanie\opengl\zajecia4\krzaki\zadaniekrzaki\zadaniekrzaki\colors.h(321): warning C4838: conversion from 'double' to 'const GLfloat' requires a narrowing conversion
e:\programowanie\opengl\zajecia4\krzaki\zadaniekrzaki\zadaniekrzaki\colors.h(321): warning C4305: 'initializing': truncation from 'double' to 'const GLfloat'
e:\programowanie\opengl\zajecia4\krzaki\zadaniekrzaki\zadaniekrzaki\colors.h(328): warning C4838: conversion from 'double' to 'const GLfloat' requires a narrowing conversion
e:\programowanie\opengl\zajecia4\krzaki\zadaniekrzaki\zadaniekrzaki\colors.h(328): warning C4305: 'initializing': truncation from 'double' to 'const GLfloat'
e:\programowanie\opengl\zajecia4\krzaki\zadaniekrzaki\zadaniekrzaki\colors.h(335): warning C4838: conversion from 'double' to 'const GLfloat' requires a narrowing conversion
e:\programowanie\opengl\zajecia4\krzaki\zadaniekrzaki\zadaniekrzaki\colors.h(335): warning C4305: 'initializing': truncation from 'double' to 'const GLfloat'
e:\programowanie\opengl\zajecia4\krzaki\zadaniekrzaki\zadaniekrzaki\colors.h(342): warning C4838: conversion from 'double' to 'const GLfloat' requires a narrowing conversion
e:\programowanie\opengl\zajecia4\krzaki\zadaniekrzaki\zadaniekrzaki\colors.h(342): warning C4305: 'initializing': truncation from 'double' to 'const GLfloat'
e:\programowanie\opengl\zajecia4\krzaki\zadaniekrzaki\zadaniekrzaki\colors.h(347): warning C4838: conversion from 'double' to 'const GLfloat' requires a narrowing conversion
e:\programowanie\opengl\zajecia4\krzaki\zadaniekrzaki\zadaniekrzaki\colors.h(347): warning C4305: 'initializing': truncation from 'double' to 'const GLfloat'
e:\programowanie\opengl\zajecia4\krzaki\zadaniekrzaki\zadaniekrzaki\colors.h(354): warning C4838: conversion from 'double' to 'const GLfloat' requires a narrowing conversion
e:\programowanie\opengl\zajecia4\krzaki\zadaniekrzaki\zadaniekrzaki\colors.h(354): warning C4305: 'initializing': truncation from 'double' to 'const GLfloat'
e:\programowanie\opengl\zajecia4\krzaki\zadaniekrzaki\zadaniekrzaki\colors.h(361): warning C4838: conversion from 'double' to 'const GLfloat' requires a narrowing conversion
e:\programowanie\opengl\zajecia4\krzaki\zadaniekrzaki\zadaniekrzaki\colors.h(361): warning C4305: 'initializing': truncation from 'double' to 'const GLfloat'
e:\programowanie\opengl\zajecia4\krzaki\zadaniekrzaki\zadaniekrzaki\colors.h(368): warning C4838: conversion from 'double' to 'const GLfloat' requires a narrowing conversion
e:\programowanie\opengl\zajecia4\krzaki\zadaniekrzaki\zadaniekrzaki\colors.h(368): warning C4305: 'initializing': truncation from 'double' to 'const GLfloat'
e:\programowanie\opengl\zajecia4\krzaki\zadaniekrzaki\zadaniekrzaki\colors.h(375): warning C4838: conversion from 'double' to 'const GLfloat' requires a narrowing conversion
e:\programowanie\opengl\zajecia4\krzaki\zadaniekrzaki\zadaniekrzaki\colors.h(375): warning C4305: 'initializing': truncation from 'double' to 'const GLfloat'
e:\programowanie\opengl\zajecia4\krzaki\zadaniekrzaki\zadaniekrzaki\colors.h(380): warning C4838: conversion from 'double' to 'const GLfloat' requires a narrowing conversion
e:\programowanie\opengl\zajecia4\krzaki\zadaniekrzaki\zadaniekrzaki\colors.h(380): warning C4305: 'initializing': truncation from 'double' to 'const GLfloat'
e:\programowanie\opengl\zajecia4\krzaki\zadaniekrzaki\zadaniekrzaki\colors.h(385): warning C4838: conversion from 'double' to 'const GLfloat' requires a narrowing conversion
e:\programowanie\opengl\zajecia4\krzaki\zadaniekrzaki\zadaniekrzaki\colors.h(385): warning C4305: 'initializing': truncation from 'double' to 'const GLfloat'
e:\programowanie\opengl\zajecia4\krzaki\zadaniekrzaki\zadaniekrzaki\colors.h(390): warning C4838: conversion from 'double' to 'const GLfloat' requires a narrowing conversion
e:\programowanie\opengl\zajecia4\krzaki\zadaniekrzaki\zadaniekrzaki\colors.h(390): warning C4305: 'initializing': truncation from 'double' to 'const GLfloat'
e:\programowanie\opengl\zajecia4\krzaki\zadaniekrzaki\zadaniekrzaki\colors.h(395): warning C4838: conversion from 'double' to 'const GLfloat' requires a narrowing conversion
e:\programowanie\opengl\zajecia4\krzaki\zadaniekrzaki\zadaniekrzaki\colors.h(395): warning C4305: 'initializing': truncation from 'double' to 'const GLfloat'
e:\programowanie\opengl\zajecia4\krzaki\zadaniekrzaki\zadaniekrzaki\colors.h(400): warning C4838: conversion from 'double' to 'const GLfloat' requires a narrowing conversion
e:\programowanie\opengl\zajecia4\krzaki\zadaniekrzaki\zadaniekrzaki\colors.h(400): warning C4305: 'initializing': truncation from 'double' to 'const GLfloat'
e:\programowanie\opengl\zajecia4\krzaki\zadaniekrzaki\zadaniekrzaki\colors.h(405): warning C4838: conversion from 'double' to 'const GLfloat' requires a narrowing conversion
e:\programowanie\opengl\zajecia4\krzaki\zadaniekrzaki\zadaniekrzaki\colors.h(405): warning C4305: 'initializing': truncation from 'double' to 'const GLfloat'
e:\programowanie\opengl\zajecia4\krzaki\zadaniekrzaki\zadaniekrzaki\colors.h(410): warning C4838: conversion from 'double' to 'const GLfloat' requires a narrowing conversion
e:\programowanie\opengl\zajecia4\krzaki\zadaniekrzaki\zadaniekrzaki\colors.h(410): warning C4305: 'initializing': truncation from 'double' to 'const GLfloat'
e:\programowanie\opengl\zajecia4\krzaki\zadaniekrzaki\zadaniekrzaki\colors.h(415): warning C4838: conversion from 'double' to 'const GLfloat' requires a narrowing conversion
e:\programowanie\opengl\zajecia4\krzaki\zadaniekrzaki\zadaniekrzaki\colors.h(415): warning C4305: 'initializing': truncation from 'double' to 'const GLfloat'
e:\programowanie\opengl\zajecia4\krzaki\zadaniekrzaki\zadaniekrzaki\colors.h(420): warning C4838: conversion from 'double' to 'const GLfloat' requires a narrowing conversion
e:\programowanie\opengl\zajecia4\krzaki\zadaniekrzaki\zadaniekrzaki\colors.h(420): warning C4305: 'initializing': truncation from 'double' to 'const GLfloat'
e:\programowanie\opengl\zajecia4\krzaki\zadaniekrzaki\zadaniekrzaki\colors.h(425): warning C4838: conversion from 'double' to 'const GLfloat' requires a narrowing conversion
e:\programowanie\opengl\zajecia4\krzaki\zadaniekrzaki\zadaniekrzaki\colors.h(425): warning C4305: 'initializing': truncation from 'double' to 'const GLfloat'
e:\programowanie\opengl\zajecia4\krzaki\zadaniekrzaki\zadaniekrzaki\colors.h(430): warning C4838: conversion from 'double' to 'const GLfloat' requires a narrowing conversion
e:\programowanie\opengl\zajecia4\krzaki\zadaniekrzaki\zadaniekrzaki\colors.h(430): warning C4305: 'initializing': truncation from 'double' to 'const GLfloat'
e:\programowanie\opengl\zajecia4\krzaki\zadaniekrzaki\zadaniekrzaki\colors.h(435): warning C4838: conversion from 'double' to 'const GLfloat' requires a narrowing conversion
e:\programowanie\opengl\zajecia4\krzaki\zadaniekrzaki\zadaniekrzaki\colors.h(435): warning C4305: 'initializing': truncation from 'double' to 'const GLfloat'
e:\programowanie\opengl\zajecia4\krzaki\zadaniekrzaki\zadaniekrzaki\colors.h(440): warning C4838: conversion from 'double' to 'const GLfloat' requires a narrowing conversion
e:\programowanie\opengl\zajecia4\krzaki\zadaniekrzaki\zadaniekrzaki\colors.h(440): warning C4305: 'initializing': truncation from 'double' to 'const GLfloat'
e:\programowanie\opengl\zajecia4\krzaki\zadaniekrzaki\zadaniekrzaki\colors.h(445): warning C4838: conversion from 'double' to 'const GLfloat' requires a narrowing conversion
e:\programowanie\opengl\zajecia4\krzaki\zadaniekrzaki\zadaniekrzaki\colors.h(445): warning C4305: 'initializing': truncation from 'double' to 'const GLfloat'
e:\programowanie\opengl\zajecia4\krzaki\zadaniekrzaki\zadaniekrzaki\colors.h(450): warning C4838: conversion from 'double' to 'const GLfloat' requires a narrowing conversion
e:\programowanie\opengl\zajecia4\krzaki\zadaniekrzaki\zadaniekrzaki\colors.h(450): warning C4305: 'initializing': truncation from 'double' to 'const GLfloat'
e:\programowanie\opengl\zajecia4\krzaki\zadaniekrzaki\zadaniekrzaki\colors.h(455): warning C4838: conversion from 'double' to 'const GLfloat' requires a narrowing conversion
e:\programowanie\opengl\zajecia4\krzaki\zadaniekrzaki\zadaniekrzaki\colors.h(455): warning C4305: 'initializing': truncation from 'double' to 'const GLfloat'
e:\programowanie\opengl\zajecia4\krzaki\zadaniekrzaki\zadaniekrzaki\colors.h(469): warning C4838: conversion from 'double' to 'const GLfloat' requires a narrowing conversion
e:\programowanie\opengl\zajecia4\krzaki\zadaniekrzaki\zadaniekrzaki\colors.h(469): warning C4305: 'initializing': truncation from 'double' to 'const GLfloat'
e:\programowanie\opengl\zajecia4\krzaki\zadaniekrzaki\zadaniekrzaki\colors.h(476): warning C4838: conversion from 'double' to 'const GLfloat' requires a narrowing conversion
e:\programowanie\opengl\zajecia4\krzaki\zadaniekrzaki\zadaniekrzaki\colors.h(476): warning C4305: 'initializing': truncation from 'double' to 'const GLfloat'
e:\programowanie\opengl\zajecia4\krzaki\zadaniekrzaki\zadaniekrzaki\colors.h(490): warning C4838: conversion from 'double' to 'const GLfloat' requires a narrowing conversion
e:\programowanie\opengl\zajecia4\krzaki\zadaniekrzaki\zadaniekrzaki\colors.h(490): warning C4305: 'initializing': truncation from 'double' to 'const GLfloat'
e:\programowanie\opengl\zajecia4\krzaki\zadaniekrzaki\zadaniekrzaki\colors.h(495): warning C4838: conversion from 'double' to 'const GLfloat' requires a narrowing conversion
e:\programowanie\opengl\zajecia4\krzaki\zadaniekrzaki\zadaniekrzaki\colors.h(495): warning C4305: 'initializing': truncation from 'double' to 'const GLfloat'
e:\programowanie\opengl\zajecia4\krzaki\zadaniekrzaki\zadaniekrzaki\colors.h(500): warning C4838: conversion from 'double' to 'const GLfloat' requires a narrowing conversion
e:\programowanie\opengl\zajecia4\krzaki\zadaniekrzaki\zadaniekrzaki\colors.h(500): warning C4305: 'initializing': truncation from 'double' to 'const GLfloat'
e:\programowanie\opengl\zajecia4\krzaki\zadaniekrzaki\zadaniekrzaki\colors.h(505): warning C4838: conversion from 'double' to 'const GLfloat' requires a narrowing conversion
e:\programowanie\opengl\zajecia4\krzaki\zadaniekrzaki\zadaniekrzaki\colors.h(505): warning C4305: 'initializing': truncation from 'double' to 'const GLfloat'
e:\programowanie\opengl\zajecia4\krzaki\zadaniekrzaki\zadaniekrzaki\colors.h(510): warning C4838: conversion from 'double' to 'const GLfloat' requires a narrowing conversion
e:\programowanie\opengl\zajecia4\krzaki\zadaniekrzaki\zadaniekrzaki\colors.h(510): warning C4305: 'initializing': truncation from 'double' to 'const GLfloat'
e:\programowanie\opengl\zajecia4\krzaki\zadaniekrzaki\zadaniekrzaki\colors.h(515): warning C4838: conversion from 'double' to 'const GLfloat' requires a narrowing conversion
e:\programowanie\opengl\zajecia4\krzaki\zadaniekrzaki\zadaniekrzaki\colors.h(515): warning C4305: 'initializing': truncation from 'double' to 'const GLfloat'
e:\programowanie\opengl\zajecia4\krzaki\zadaniekrzaki\zadaniekrzaki\colors.h(520): warning C4838: conversion from 'double' to 'const GLfloat' requires a narrowing conversion
e:\programowanie\opengl\zajecia4\krzaki\zadaniekrzaki\zadaniekrzaki\colors.h(520): warning C4305: 'initializing': truncation from 'double' to 'const GLfloat'
e:\programowanie\opengl\zajecia4\krzaki\zadaniekrzaki\zadaniekrzaki\colors.h(525): warning C4838: conversion from 'double' to 'const GLfloat' requires a narrowing conversion
e:\programowanie\opengl\zajecia4\krzaki\zadaniekrzaki\zadaniekrzaki\colors.h(525): warning C4305: 'initializing': truncation from 'double' to 'const GLfloat'
e:\programowanie\opengl\zajecia4\krzaki\zadaniekrzaki\zadaniekrzaki\colors.h(530): warning C4838: conversion from 'double' to 'const GLfloat' requires a narrowing conversion
e:\programowanie\opengl\zajecia4\krzaki\zadaniekrzaki\zadaniekrzaki\colors.h(530): warning C4305: 'initializing': truncation from 'double' to 'const GLfloat'
e:\programowanie\opengl\zajecia4\krzaki\zadaniekrzaki\zadaniekrzaki\colors.h(535): warning C4838: conversion from 'double' to 'const GLfloat' requires a narrowing conversion
e:\programowanie\opengl\zajecia4\krzaki\zadaniekrzaki\zadaniekrzaki\colors.h(535): warning C4305: 'initializing': truncation from 'double' to 'const GLfloat'
e:\programowanie\opengl\zajecia4\krzaki\zadaniekrzaki\zadaniekrzaki\colors.h(540): warning C4838: conversion from 'double' to 'const GLfloat' requires a narrowing conversion
e:\programowanie\opengl\zajecia4\krzaki\zadaniekrzaki\zadaniekrzaki\colors.h(540): warning C4305: 'initializing': truncation from 'double' to 'const GLfloat'
e:\programowanie\opengl\zajecia4\krzaki\zadaniekrzaki\zadaniekrzaki\colors.h(545): warning C4838: conversion from 'double' to 'const GLfloat' requires a narrowing conversion
e:\programowanie\opengl\zajecia4\krzaki\zadaniekrzaki\zadaniekrzaki\colors.h(545): warning C4305: 'initializing': truncation from 'double' to 'const GLfloat'
e:\programowanie\opengl\zajecia4\krzaki\zadaniekrzaki\zadaniekrzaki\colors.h(550): warning C4838: conversion from 'double' to 'const GLfloat' requires a narrowing conversion
e:\programowanie\opengl\zajecia4\krzaki\zadaniekrzaki\zadaniekrzaki\colors.h(550): warning C4305: 'initializing': truncation from 'double' to 'const GLfloat'
e:\programowanie\opengl\zajecia4\krzaki\zadaniekrzaki\zadaniekrzaki\colors.h(555): warning C4838: conversion from 'double' to 'const GLfloat' requires a narrowing conversion
e:\programowanie\opengl\zajecia4\krzaki\zadaniekrzaki\zadaniekrzaki\colors.h(555): warning C4305: 'initializing': truncation from 'double' to 'const GLfloat'
e:\programowanie\opengl\zajecia4\krzaki\zadaniekrzaki\zadaniekrzaki\colors.h(560): warning C4838: conversion from 'double' to 'const GLfloat' requires a narrowing conversion
e:\programowanie\opengl\zajecia4\krzaki\zadaniekrzaki\zadaniekrzaki\colors.h(560): warning C4305: 'initializing': truncation from 'double' to 'const GLfloat'
e:\programowanie\opengl\zajecia4\krzaki\zadaniekrzaki\zadaniekrzaki\colors.h(567): warning C4838: conversion from 'double' to 'const GLfloat' requires a narrowing conversion
e:\programowanie\opengl\zajecia4\krzaki\zadaniekrzaki\zadaniekrzaki\colors.h(567): warning C4305: 'initializing': truncation from 'double' to 'const GLfloat'
e:\programowanie\opengl\zajecia4\krzaki\zadaniekrzaki\zadaniekrzaki\colors.h(572): warning C4838: conversion from 'double' to 'const GLfloat' requires a narrowing conversion
e:\programowanie\opengl\zajecia4\krzaki\zadaniekrzaki\zadaniekrzaki\colors.h(572): warning C4305: 'initializing': truncation from 'double' to 'const GLfloat'
e:\programowanie\opengl\zajecia4\krzaki\zadaniekrzaki\zadaniekrzaki\colors.h(579): warning C4838: conversion from 'double' to 'const GLfloat' requires a narrowing conversion
e:\programowanie\opengl\zajecia4\krzaki\zadaniekrzaki\zadaniekrzaki\colors.h(579): warning C4305: 'initializing': truncation from 'double' to 'const GLfloat'
e:\programowanie\opengl\zajecia4\krzaki\zadaniekrzaki\zadaniekrzaki\colors.h(587): warning C4838: conversion from 'double' to 'const GLfloat' requires a narrowing conversion
e:\programowanie\opengl\zajecia4\krzaki\zadaniekrzaki\zadaniekrzaki\colors.h(587): warning C4305: 'initializing': truncation from 'double' to 'const GLfloat'
e:\programowanie\opengl\zajecia4\krzaki\zadaniekrzaki\zadaniekrzaki\colors.h(594): warning C4838: conversion from 'double' to 'const GLfloat' requires a narrowing conversion
e:\programowanie\opengl\zajecia4\krzaki\zadaniekrzaki\zadaniekrzaki\colors.h(594): warning C4305: 'initializing': truncation from 'double' to 'const GLfloat'
e:\programowanie\opengl\zajecia4\krzaki\zadaniekrzaki\zadaniekrzaki\colors.h(601): warning C4838: conversion from 'double' to 'const GLfloat' requires a narrowing conversion
e:\programowanie\opengl\zajecia4\krzaki\zadaniekrzaki\zadaniekrzaki\colors.h(601): warning C4305: 'initializing': truncation from 'double' to 'const GLfloat'
e:\programowanie\opengl\zajecia4\krzaki\zadaniekrzaki\zadaniekrzaki\colors.h(606): warning C4838: conversion from 'double' to 'const GLfloat' requires a narrowing conversion
e:\programowanie\opengl\zajecia4\krzaki\zadaniekrzaki\zadaniekrzaki\colors.h(606): warning C4305: 'initializing': truncation from 'double' to 'const GLfloat'
e:\programowanie\opengl\zajecia4\krzaki\zadaniekrzaki\zadaniekrzaki\colors.h(611): warning C4838: conversion from 'double' to 'const GLfloat' requires a narrowing conversion
e:\programowanie\opengl\zajecia4\krzaki\zadaniekrzaki\zadaniekrzaki\colors.h(611): warning C4305: 'initializing': truncation from 'double' to 'const GLfloat'
e:\programowanie\opengl\zajecia4\krzaki\zadaniekrzaki\zadaniekrzaki\colors.h(618): warning C4838: conversion from 'double' to 'const GLfloat' requires a narrowing conversion
e:\programowanie\opengl\zajecia4\krzaki\zadaniekrzaki\zadaniekrzaki\colors.h(618): warning C4305: 'initializing': truncation from 'double' to 'const GLfloat'
e:\programowanie\opengl\zajecia4\krzaki\zadaniekrzaki\zadaniekrzaki\colors.h(625): warning C4838: conversion from 'double' to 'const GLfloat' requires a narrowing conversion
e:\programowanie\opengl\zajecia4\krzaki\zadaniekrzaki\zadaniekrzaki\colors.h(625): warning C4305: 'initializing': truncation from 'double' to 'const GLfloat'
e:\programowanie\opengl\zajecia4\krzaki\zadaniekrzaki\zadaniekrzaki\colors.h(630): warning C4838: conversion from 'double' to 'const GLfloat' requires a narrowing conversion
e:\programowanie\opengl\zajecia4\krzaki\zadaniekrzaki\zadaniekrzaki\colors.h(630): warning C4305: 'initializing': truncation from 'double' to 'const GLfloat'
e:\programowanie\opengl\zajecia4\krzaki\zadaniekrzaki\zadaniekrzaki\colors.h(635): warning C4838: conversion from 'double' to 'const GLfloat' requires a narrowing conversion
e:\programowanie\opengl\zajecia4\krzaki\zadaniekrzaki\zadaniekrzaki\colors.h(635): warning C4305: 'initializing': truncation from 'double' to 'const GLfloat'
e:\programowanie\opengl\zajecia4\krzaki\zadaniekrzaki\zadaniekrzaki\colors.h(640): warning C4838: conversion from 'double' to 'const GLfloat' requires a narrowing conversion
e:\programowanie\opengl\zajecia4\krzaki\zadaniekrzaki\zadaniekrzaki\colors.h(640): warning C4305: 'initializing': truncation from 'double' to 'const GLfloat'
e:\programowanie\opengl\zajecia4\krzaki\zadaniekrzaki\zadaniekrzaki\colors.h(645): warning C4838: conversion from 'double' to 'const GLfloat' requires a narrowing conversion
e:\programowanie\opengl\zajecia4\krzaki\zadaniekrzaki\zadaniekrzaki\colors.h(645): warning C4305: 'initializing': truncation from 'double' to 'const GLfloat'
e:\programowanie\opengl\zajecia4\krzaki\zadaniekrzaki\zadaniekrzaki\colors.h(652): warning C4838: conversion from 'double' to 'const GLfloat' requires a narrowing conversion
e:\programowanie\opengl\zajecia4\krzaki\zadaniekrzaki\zadaniekrzaki\colors.h(652): warning C4305: 'initializing': truncation from 'double' to 'const GLfloat'
e:\programowanie\opengl\zajecia4\krzaki\zadaniekrzaki\zadaniekrzaki\colors.h(659): warning C4838: conversion from 'double' to 'const GLfloat' requires a narrowing conversion
e:\programowanie\opengl\zajecia4\krzaki\zadaniekrzaki\zadaniekrzaki\colors.h(659): warning C4305: 'initializing': truncation from 'double' to 'const GLfloat'
e:\programowanie\opengl\zajecia4\krzaki\zadaniekrzaki\zadaniekrzaki\colors.h(664): warning C4838: conversion from 'double' to 'const GLfloat' requires a narrowing conversion
e:\programowanie\opengl\zajecia4\krzaki\zadaniekrzaki\zadaniekrzaki\colors.h(664): warning C4305: 'initializing': truncation from 'double' to 'const GLfloat'
e:\programowanie\opengl\zajecia4\krzaki\zadaniekrzaki\zadaniekrzaki\colors.h(671): warning C4838: conversion from 'double' to 'const GLfloat' requires a narrowing conversion
e:\programowanie\opengl\zajecia4\krzaki\zadaniekrzaki\zadaniekrzaki\colors.h(671): warning C4305: 'initializing': truncation from 'double' to 'const GLfloat'
e:\programowanie\opengl\zajecia4\krzaki\zadaniekrzaki\zadaniekrzaki\colors.h(683): warning C4838: conversion from 'double' to 'const GLfloat' requires a narrowing conversion
e:\programowanie\opengl\zajecia4\krzaki\zadaniekrzaki\zadaniekrzaki\colors.h(683): warning C4305: 'initializing': truncation from 'double' to 'const GLfloat'
e:\programowanie\opengl\zajecia4\krzaki\zadaniekrzaki\zadaniekrzaki\colors.h(688): warning C4838: conversion from 'double' to 'const GLfloat' requires a narrowing conversion
e:\programowanie\opengl\zajecia4\krzaki\zadaniekrzaki\zadaniekrzaki\colors.h(688): warning C4305: 'initializing': truncation from 'double' to 'const GLfloat'
e:\programowanie\opengl\zajecia4\krzaki\zadaniekrzaki\zadaniekrzaki\colors.h(695): warning C4838: conversion from 'double' to 'const GLfloat' requires a narrowing conversion
e:\programowanie\opengl\zajecia4\krzaki\zadaniekrzaki\zadaniekrzaki\colors.h(695): warning C4305: 'initializing': truncation from 'double' to 'const GLfloat'
e:\programowanie\opengl\zajecia4\krzaki\zadaniekrzaki\zadaniekrzaki\colors.h(702): warning C4838: conversion from 'double' to 'const GLfloat' requires a narrowing conversion
e:\programowanie\opengl\zajecia4\krzaki\zadaniekrzaki\zadaniekrzaki\colors.h(702): warning C4305: 'initializing': truncation from 'double' to 'const GLfloat'
e:\programowanie\opengl\zajecia4\krzaki\zadaniekrzaki\zadaniekrzaki\colors.h(707): warning C4838: conversion from 'double' to 'const GLfloat' requires a narrowing conversion
e:\programowanie\opengl\zajecia4\krzaki\zadaniekrzaki\zadaniekrzaki\colors.h(707): warning C4305: 'initializing': truncation from 'double' to 'const GLfloat'
e:\programowanie\opengl\zajecia4\krzaki\zadaniekrzaki\zadaniekrzaki\colors.h(712): warning C4838: conversion from 'double' to 'const GLfloat' requires a narrowing conversion
e:\programowanie\opengl\zajecia4\krzaki\zadaniekrzaki\zadaniekrzaki\colors.h(712): warning C4305: 'initializing': truncation from 'double' to 'const GLfloat'
e:\programowanie\opengl\zajecia4\krzaki\zadaniekrzaki\zadaniekrzaki\colors.h(717): warning C4838: conversion from 'double' to 'const GLfloat' requires a narrowing conversion
e:\programowanie\opengl\zajecia4\krzaki\zadaniekrzaki\zadaniekrzaki\colors.h(717): warning C4305: 'initializing': truncation from 'double' to 'const GLfloat'
e:\programowanie\opengl\zajecia4\krzaki\zadaniekrzaki\zadaniekrzaki\colors.h(724): warning C4838: conversion from 'double' to 'const GLfloat' requires a narrowing conversion
e:\programowanie\opengl\zajecia4\krzaki\zadaniekrzaki\zadaniekrzaki\colors.h(724): warning C4305: 'initializing': truncation from 'double' to 'const GLfloat'
e:\programowanie\opengl\zajecia4\krzaki\zadaniekrzaki\zadaniekrzaki\colors.h(731): warning C4838: conversion from 'double' to 'const GLfloat' requires a narrowing conversion
e:\programowanie\opengl\zajecia4\krzaki\zadaniekrzaki\zadaniekrzaki\colors.h(731): warning C4305: 'initializing': truncation from 'double' to 'const GLfloat'
e:\programowanie\opengl\zajecia4\krzaki\zadaniekrzaki\zadaniekrzaki\colors.h(738): warning C4838: conversion from 'double' to 'const GLfloat' requires a narrowing conversion
e:\programowanie\opengl\zajecia4\krzaki\zadaniekrzaki\zadaniekrzaki\colors.h(738): warning C4305: 'initializing': truncation from 'double' to 'const GLfloat'
e:\programowanie\opengl\zajecia4\krzaki\zadaniekrzaki\zadaniekrzaki\colors.h(745): warning C4838: conversion from 'double' to 'const GLfloat' requires a narrowing conversion
e:\programowanie\opengl\zajecia4\krzaki\zadaniekrzaki\zadaniekrzaki\colors.h(745): warning C4305: 'initializing': truncation from 'double' to 'const GLfloat'
e:\programowanie\opengl\zajecia4\krzaki\zadaniekrzaki\zadaniekrzaki\colors.h(752): warning C4838: conversion from 'double' to 'const GLfloat' requires a narrowing conversion
e:\programowanie\opengl\zajecia4\krzaki\zadaniekrzaki\zadaniekrzaki\colors.h(752): warning C4305: 'initializing': truncation from 'double' to 'const GLfloat'
e:\programowanie\opengl\zajecia4\krzaki\zadaniekrzaki\zadaniekrzaki\colors.h(759): warning C4838: conversion from 'double' to 'const GLfloat' requires a narrowing conversion
e:\programowanie\opengl\zajecia4\krzaki\zadaniekrzaki\zadaniekrzaki\colors.h(759): warning C4305: 'initializing': truncation from 'double' to 'const GLfloat'
e:\programowanie\opengl\zajecia4\krzaki\zadaniekrzaki\zadaniekrzaki\colors.h(766): warning C4838: conversion from 'double' to 'const GLfloat' requires a narrowing conversion
e:\programowanie\opengl\zajecia4\krzaki\zadaniekrzaki\zadaniekrzaki\colors.h(766): warning C4305: 'initializing': truncation from 'double' to 'const GLfloat'
e:\programowanie\opengl\zajecia4\krzaki\zadaniekrzaki\zadaniekrzaki\colors.h(773): warning C4838: conversion from 'double' to 'const GLfloat' requires a narrowing conversion
e:\programowanie\opengl\zajecia4\krzaki\zadaniekrzaki\zadaniekrzaki\colors.h(773): warning C4305: 'initializing': truncation from 'double' to 'const GLfloat'
e:\programowanie\opengl\zajecia4\krzaki\zadaniekrzaki\zadaniekrzaki\colors.h(780): warning C4838: conversion from 'double' to 'const GLfloat' requires a narrowing conversion
e:\programowanie\opengl\zajecia4\krzaki\zadaniekrzaki\zadaniekrzaki\colors.h(780): warning C4305: 'initializing': truncation from 'double' to 'const GLfloat'
e:\programowanie\opengl\zajecia4\krzaki\zadaniekrzaki\zadaniekrzaki\colors.h(787): warning C4838: conversion from 'double' to 'const GLfloat' requires a narrowing conversion
e:\programowanie\opengl\zajecia4\krzaki\zadaniekrzaki\zadaniekrzaki\colors.h(787): warning C4305: 'initializing': truncation from 'double' to 'const GLfloat'
e:\programowanie\opengl\zajecia4\krzaki\zadaniekrzaki\zadaniekrzaki\colors.h(794): warning C4838: conversion from 'double' to 'const GLfloat' requires a narrowing conversion
e:\programowanie\opengl\zajecia4\krzaki\zadaniekrzaki\zadaniekrzaki\colors.h(794): warning C4305: 'initializing': truncation from 'double' to 'const GLfloat'
e:\programowanie\opengl\zajecia4\krzaki\zadaniekrzaki\zadaniekrzaki\colors.h(801): warning C4838: conversion from 'double' to 'const GLfloat' requires a narrowing conversion
e:\programowanie\opengl\zajecia4\krzaki\zadaniekrzaki\zadaniekrzaki\colors.h(801): warning C4305: 'initializing': truncation from 'double' to 'const GLfloat'
e:\programowanie\opengl\zajecia4\krzaki\zadaniekrzaki\zadaniekrzaki\colors.h(815): warning C4838: conversion from 'double' to 'const GLfloat' requires a narrowing conversion
e:\programowanie\opengl\zajecia4\krzaki\zadaniekrzaki\zadaniekrzaki\colors.h(815): warning C4305: 'initializing': truncation from 'double' to 'const GLfloat'
e:\programowanie\opengl\zajecia4\krzaki\zadaniekrzaki\zadaniekrzaki\colors.h(822): warning C4838: conversion from 'double' to 'const GLfloat' requires a narrowing conversion
e:\programowanie\opengl\zajecia4\krzaki\zadaniekrzaki\zadaniekrzaki\colors.h(822): warning C4305: 'initializing': truncation from 'double' to 'const GLfloat'
e:\programowanie\opengl\zajecia4\krzaki\zadaniekrzaki\zadaniekrzaki\colors.h(827): warning C4838: conversion from 'double' to 'const GLfloat' requires a narrowing conversion
e:\programowanie\opengl\zajecia4\krzaki\zadaniekrzaki\zadaniekrzaki\colors.h(827): warning C4305: 'initializing': truncation from 'double' to 'const GLfloat'
e:\programowanie\opengl\zajecia4\krzaki\zadaniekrzaki\zadaniekrzaki\colors.h(839): warning C4838: conversion from 'double' to 'const GLfloat' requires a narrowing conversion
e:\programowanie\opengl\zajecia4\krzaki\zadaniekrzaki\zadaniekrzaki\colors.h(839): warning C4305: 'initializing': truncation from 'double' to 'const GLfloat'
e:\programowanie\opengl\zajecia4\krzaki\zadaniekrzaki\zadaniekrzaki\colors.h(853): warning C4838: conversion from 'double' to 'const GLfloat' requires a narrowing conversion
e:\programowanie\opengl\zajecia4\krzaki\zadaniekrzaki\zadaniekrzaki\colors.h(853): warning C4305: 'initializing': truncation from 'double' to 'const GLfloat'
e:\programowanie\opengl\zajecia4\krzaki\zadaniekrzaki\zadaniekrzaki\zadaniekrzaki.cpp(237): warning C4305: '+=': truncation from 'double' to 'GLfloat'
e:\programowanie\opengl\zajecia4\krzaki\zadaniekrzaki\zadaniekrzaki\zadaniekrzaki.cpp(241): warning C4305: '-=': truncation from 'double' to 'GLfloat'
e:\programowanie\opengl\zajecia4\krzaki\zadaniekrzaki\zadaniekrzaki\zadaniekrzaki.cpp(265): warning C4244: '+=': conversion from 'double' to 'GLfloat', possible loss of data
e:\programowanie\opengl\zajecia4\krzaki\zadaniekrzaki\zadaniekrzaki\zadaniekrzaki.cpp(267): warning C4244: '-=': conversion from 'double' to 'GLfloat', possible loss of data
  zadaniekrzaki.vcxproj -> E:\programowanie\opengl\zajecia4\krzaki\zadaniekrzaki\Debug\zadaniekrzaki.exe
